#
# There is insufficient memory for the Java Runtime Environment to continue.
# Native memory allocation (malloc) failed to allocate 145776 bytes for Chunk::new
# Possible reasons:
#   The system is out of physical RAM or swap space
#   The process is running with CompressedOops enabled, and the Java Heap may be blocking the growth of the native heap
# Possible solutions:
#   Reduce memory load on the system
#   Increase physical memory or swap space
#   Check if swap backing store is full
#   Decrease Java heap size (-Xmx/-Xms)
#   Decrease number of Java threads
#   Decrease Java thread stack sizes (-Xss)
#   Set larger code cache with -XX:ReservedCodeCacheSize=
#   JVM is running with Zero Based Compressed Oops mode in which the Java heap is
#     placed in the first 32GB address space. The Java Heap base address is the
#     maximum limit for the native heap growth. Please use -XX:HeapBaseMinAddress
#     to set the Java Heap base and to place the Java Heap above 32GB virtual address.
# This output file may be truncated or incomplete.
#
#  Out of Memory Error (t:/workspace/open/src/hotspot/share/memory/arena.cpp:198), pid=3488, tid=5248
#
# JRE version: Java(TM) SE Runtime Environment (10.0.2+13) (build 10.0.2+13)
# Java VM: Java HotSpot(TM) 64-Bit Server VM (10.0.2+13, mixed mode, tiered, compressed oops, g1 gc, windows-amd64)
# No core dump will be written. Minidumps are not enabled by default on client versions of Windows
#

---------------  S U M M A R Y ------------

Command Line: -javaagent:C:\Program Files\JetBrains\IntelliJ IDEA Community Edition 2018.2.4\lib\idea_rt.jar=50313:C:\Program Files\JetBrains\IntelliJ IDEA Community Edition 2018.2.4\bin -Dfile.encoding=UTF-8 MainKt

Host: Intel(R) Core(TM) i7-8700K CPU @ 3.70GHz, 12 cores, 15G,  Windows 10 , 64 bit Build 17134 (10.0.17134.706)
Time: Wed May 01 01:00:08 2019 Eastern Daylight Time elapsed time: 4541 seconds (0d 1h 15m 41s)

---------------  T H R E A D  ---------------

Current thread (0x00000233785dc000):  JavaThread "C2 CompilerThread0" daemon [_thread_in_native, id=5248, stack(0x000000b820900000,0x000000b820a00000)]


Current CompileTask:
C2:4541218 7279       4       java.net.URI$Parser::checkChars (44 bytes)

Stack: [0x000000b820900000,0x000000b820a00000]
Native frames: (J=compiled Java code, j=interpreted, Vv=VM code, C=native code)
V  [jvm.dll+0x5a01a9]
V  [jvm.dll+0x6bcf31]
V  [jvm.dll+0x6be126]
V  [jvm.dll+0x6be7b3]
V  [jvm.dll+0x234978]
V  [jvm.dll+0xbb69c]
V  [jvm.dll+0xbbbac]
V  [jvm.dll+0x34bee1]
V  [jvm.dll+0x3110aa]
V  [jvm.dll+0x31063a]
V  [jvm.dll+0x1ffe91]
V  [jvm.dll+0x1ff116]
V  [jvm.dll+0x17c94b]
V  [jvm.dll+0x20c8dd]
V  [jvm.dll+0x20b6a6]
V  [jvm.dll+0x68b7ff]
V  [jvm.dll+0x59f4b0]
C  [msvcr120.dll+0x24f7f]
C  [msvcr120.dll+0x25126]
C  [KERNEL32.DLL+0x14034]
C  [ntdll.dll+0x73691]


---------------  P R O C E S S  ---------------

Threads class SMR info:
_java_thread_list=0x0000023f19299390, length=67, elements={
0x0000023350e9c800, 0x000002337857f000, 0x0000023378588800, 0x00000233785d9800,
0x00000233785da000, 0x00000233785dc000, 0x00000233785dd800, 0x00000233785e0800,
0x00000233785e1000, 0x00000233785f2000, 0x0000023378b94000, 0x0000023378b92800,
0x0000023378b98000, 0x0000023378b93000, 0x0000023378b95000, 0x0000023378b96800,
0x0000023378b95800, 0x0000023378b97000, 0x0000023378b98800, 0x0000023378b91800,
0x000002330712b000, 0x000002330712e800, 0x000002330712f000, 0x0000023307131800,
0x000002330712d000, 0x0000023307130000, 0x0000023307130800, 0x0000023307132800,
0x0000023307133000, 0x000002330712c000, 0x0000023307134000, 0x0000023307134800,
0x000002330712d800, 0x0000023307137000, 0x0000023307135800, 0x00000233071a5000,
0x00000233071ac000, 0x00000233071ab800, 0x00000233071a9000, 0x00000233071aa000,
0x00000233071ad000, 0x00000233071a7800, 0x00000233071a6800, 0x00000233071aa800,
0x00000233071a6000, 0x00000233071ad800, 0x00000233071ae800, 0x00000233071b1800,
0x00000233071b0000, 0x00000233071b2800, 0x00000233071b1000, 0x00000233071b4000,
0x00000233071b3000, 0x000002330709d000, 0x000002330709f000, 0x000002330709d800,
0x000002330709e800, 0x00000233070a0000, 0x00000233070a0800, 0x000002330709c000,
0x00000233070a3000, 0x00000233070a1800, 0x00000233070a2800, 0x00000233072d0000,
0x00000233072d1000, 0x00000233072ca000, 0x00000233072ca800
}

Java Threads: ( => current thread )
  0x0000023350e9c800 JavaThread "main" [_thread_in_native, id=8360, stack(0x000000b81ea00000,0x000000b81eb00000)]
  0x000002337857f000 JavaThread "Reference Handler" daemon [_thread_blocked, id=8212, stack(0x000000b820500000,0x000000b820600000)]
  0x0000023378588800 JavaThread "Finalizer" daemon [_thread_blocked, id=9152, stack(0x000000b820600000,0x000000b820700000)]
  0x00000233785d9800 JavaThread "Signal Dispatcher" daemon [_thread_blocked, id=800, stack(0x000000b820700000,0x000000b820800000)]
  0x00000233785da000 JavaThread "Attach Listener" daemon [_thread_blocked, id=10336, stack(0x000000b820800000,0x000000b820900000)]
=>0x00000233785dc000 JavaThread "C2 CompilerThread0" daemon [_thread_in_native, id=5248, stack(0x000000b820900000,0x000000b820a00000)]
  0x00000233785dd800 JavaThread "C2 CompilerThread1" daemon [_thread_blocked, id=12984, stack(0x000000b820a00000,0x000000b820b00000)]
  0x00000233785e0800 JavaThread "C2 CompilerThread2" daemon [_thread_blocked, id=11128, stack(0x000000b820b00000,0x000000b820c00000)]
  0x00000233785e1000 JavaThread "C1 CompilerThread3" daemon [_thread_blocked, id=9988, stack(0x000000b820c00000,0x000000b820d00000)]
  0x00000233785f2000 JavaThread "Sweeper thread" daemon [_thread_blocked, id=13116, stack(0x000000b820d00000,0x000000b820e00000)]
  0x0000023378b94000 JavaThread "Common-Cleaner" daemon [_thread_blocked, id=13220, stack(0x000000b820e00000,0x000000b820f00000)]
  0x0000023378b92800 JavaThread "Monitor Ctrl-Break" daemon [_thread_in_native, id=1464, stack(0x000000b820f00000,0x000000b821000000)]
  0x0000023378b98000 JavaThread "Service Thread" daemon [_thread_blocked, id=2812, stack(0x000000b821000000,0x000000b821100000)]
  0x0000023378b93000 JavaThread "elastic-evictor-1" daemon [_thread_blocked, id=7844, stack(0x000000b821900000,0x000000b821a00000)]
  0x0000023378b95000 JavaThread "elastic-2" daemon [_thread_blocked, id=10776, stack(0x000000b821a00000,0x000000b821b00000)]
  0x0000023378b96800 JavaThread "elastic-3" daemon [_thread_blocked, id=10316, stack(0x000000b821b00000,0x000000b821c00000)]
  0x0000023378b95800 JavaThread "elastic-4" daemon [_thread_blocked, id=9316, stack(0x000000b821c00000,0x000000b821d00000)]
  0x0000023378b97000 JavaThread "elastic-5" daemon [_thread_blocked, id=10652, stack(0x000000b821d00000,0x000000b821e00000)]
  0x0000023378b98800 JavaThread "elastic-6" daemon [_thread_blocked, id=9104, stack(0x000000b821e00000,0x000000b821f00000)]
  0x0000023378b91800 JavaThread "elastic-7" daemon [_thread_blocked, id=12900, stack(0x000000b821f00000,0x000000b822000000)]
  0x000002330712b000 JavaThread "elastic-8" daemon [_thread_blocked, id=4084, stack(0x000000b822000000,0x000000b822100000)]
  0x000002330712e800 JavaThread "elastic-9" daemon [_thread_blocked, id=764, stack(0x000000b822100000,0x000000b822200000)]
  0x000002330712f000 JavaThread "elastic-10" daemon [_thread_blocked, id=7148, stack(0x000000b822200000,0x000000b822300000)]
  0x0000023307131800 JavaThread "elastic-11" daemon [_thread_blocked, id=3512, stack(0x000000b822300000,0x000000b822400000)]
  0x000002330712d000 JavaThread "elastic-12" daemon [_thread_blocked, id=7968, stack(0x000000b822400000,0x000000b822500000)]
  0x0000023307130000 JavaThread "elastic-13" daemon [_thread_blocked, id=6544, stack(0x000000b822500000,0x000000b822600000)]
  0x0000023307130800 JavaThread "elastic-14" daemon [_thread_blocked, id=12764, stack(0x000000b822600000,0x000000b822700000)]
  0x0000023307132800 JavaThread "elastic-15" daemon [_thread_blocked, id=9476, stack(0x000000b822700000,0x000000b822800000)]
  0x0000023307133000 JavaThread "elastic-16" daemon [_thread_blocked, id=6384, stack(0x000000b822800000,0x000000b822900000)]
  0x000002330712c000 JavaThread "elastic-17" daemon [_thread_blocked, id=5500, stack(0x000000b822900000,0x000000b822a00000)]
  0x0000023307134000 JavaThread "elastic-18" daemon [_thread_blocked, id=11304, stack(0x000000b822a00000,0x000000b822b00000)]
  0x0000023307134800 JavaThread "elastic-19" daemon [_thread_blocked, id=8420, stack(0x000000b822b00000,0x000000b822c00000)]
  0x000002330712d800 JavaThread "elastic-20" daemon [_thread_blocked, id=3484, stack(0x000000b822c00000,0x000000b822d00000)]
  0x0000023307137000 JavaThread "elastic-21" daemon [_thread_blocked, id=10208, stack(0x000000b822d00000,0x000000b822e00000)]
  0x0000023307135800 JavaThread "elastic-22" daemon [_thread_blocked, id=8768, stack(0x000000b822e00000,0x000000b822f00000)]
  0x00000233071a5000 JavaThread "elastic-23" daemon [_thread_blocked, id=8156, stack(0x000000b823500000,0x000000b823600000)]
  0x00000233071ac000 JavaThread "elastic-24" daemon [_thread_blocked, id=3272, stack(0x000000b823600000,0x000000b823700000)]
  0x00000233071ab800 JavaThread "elastic-25" daemon [_thread_blocked, id=10236, stack(0x000000b823700000,0x000000b823800000)]
  0x00000233071a9000 JavaThread "elastic-26" daemon [_thread_blocked, id=3252, stack(0x000000b823800000,0x000000b823900000)]
  0x00000233071aa000 JavaThread "elastic-27" daemon [_thread_blocked, id=13012, stack(0x000000b823900000,0x000000b823a00000)]
  0x00000233071ad000 JavaThread "elastic-28" daemon [_thread_blocked, id=10936, stack(0x000000b823a00000,0x000000b823b00000)]
  0x00000233071a7800 JavaThread "elastic-29" daemon [_thread_blocked, id=6576, stack(0x000000b823b00000,0x000000b823c00000)]
  0x00000233071a6800 JavaThread "elastic-30" daemon [_thread_blocked, id=5512, stack(0x000000b823c00000,0x000000b823d00000)]
  0x00000233071aa800 JavaThread "elastic-31" daemon [_thread_blocked, id=9908, stack(0x000000b823d00000,0x000000b823e00000)]
  0x00000233071a6000 JavaThread "elastic-32" daemon [_thread_blocked, id=3624, stack(0x000000b823e00000,0x000000b823f00000)]
  0x00000233071ad800 JavaThread "elastic-33" daemon [_thread_blocked, id=10588, stack(0x000000b823f00000,0x000000b824000000)]
  0x00000233071ae800 JavaThread "elastic-34" daemon [_thread_blocked, id=6096, stack(0x000000b824000000,0x000000b824100000)]
  0x00000233071b1800 JavaThread "Thread-3" [_thread_blocked, id=8968, stack(0x000000b824300000,0x000000b824400000)]
  0x00000233071b0000 JavaThread "elastic-35" daemon [_thread_blocked, id=8740, stack(0x000000b824400000,0x000000b824500000)]
  0x00000233071b2800 JavaThread "elastic-36" daemon [_thread_blocked, id=7876, stack(0x000000b824500000,0x000000b824600000)]
  0x00000233071b1000 JavaThread "DefaultDispatcher-worker-1" daemon [_thread_blocked, id=9384, stack(0x000000b824600000,0x000000b824700000)]
  0x00000233071b4000 JavaThread "DefaultDispatcher-worker-2" daemon [_thread_blocked, id=11372, stack(0x000000b824700000,0x000000b824800000)]
  0x00000233071b3000 JavaThread "DefaultDispatcher-worker-3" daemon [_thread_blocked, id=6968, stack(0x000000b824800000,0x000000b824900000)]
  0x000002330709d000 JavaThread "kotlinx.coroutines.DefaultExecutor" daemon [_thread_blocked, id=7216, stack(0x000000b824900000,0x000000b824a00000)]
  0x000002330709f000 JavaThread "RxScheduledExecutorPool-1" daemon [_thread_blocked, id=11544, stack(0x000000b824a00000,0x000000b824b00000)]
  0x000002330709d800 JavaThread "RxScheduledExecutorPool-2" daemon [_thread_blocked, id=5444, stack(0x000000b824b00000,0x000000b824c00000)]
  0x000002330709e800 JavaThread "DefaultDispatcher-worker-4" daemon [_thread_blocked, id=5964, stack(0x000000b824c00000,0x000000b824d00000)]
  0x00000233070a0000 JavaThread "RxIoScheduler-1 (Evictor)" daemon [_thread_blocked, id=4460, stack(0x000000b824d00000,0x000000b824e00000)]
  0x00000233070a0800 JavaThread "RxComputationScheduler-1" daemon [_thread_blocked, id=7912, stack(0x000000b824e00000,0x000000b824f00000)]
  0x000002330709c000 JavaThread "DefaultDispatcher-worker-5" daemon [_thread_blocked, id=10888, stack(0x000000b824f00000,0x000000b825000000)]
  0x00000233070a3000 JavaThread "DefaultDispatcher-worker-6" daemon [_thread_blocked, id=13080, stack(0x000000b825000000,0x000000b825100000)]
  0x00000233070a1800 JavaThread "DefaultDispatcher-worker-7" daemon [_thread_blocked, id=10824, stack(0x000000b825100000,0x000000b825200000)]
  0x00000233070a2800 JavaThread "DefaultDispatcher-worker-8" daemon [_thread_blocked, id=8120, stack(0x000000b825200000,0x000000b825300000)]
  0x00000233072d0000 JavaThread "DefaultDispatcher-worker-9" daemon [_thread_blocked, id=1920, stack(0x000000b825300000,0x000000b825400000)]
  0x00000233072d1000 JavaThread "DefaultDispatcher-worker-10" daemon [_thread_blocked, id=3244, stack(0x000000b825400000,0x000000b825500000)]
  0x00000233072ca000 JavaThread "DefaultDispatcher-worker-11" daemon [_thread_blocked, id=6292, stack(0x000000b825500000,0x000000b825600000)]
  0x00000233072ca800 JavaThread "DefaultDispatcher-worker-12" daemon [_thread_blocked, id=8348, stack(0x000000b825600000,0x000000b825700000)]

Other Threads:
  0x00000233750be800 VMThread "VM Thread" [stack: 0x000000b820400000,0x000000b820500000] [id=8700]
  0x000002337938d000 WatcherThread [stack: 0x000000b821100000,0x000000b821200000] [id=3540]
  0x0000023350eb5800 GCTaskThread "GC Thread#0" [stack: 0x000000b81eb00000,0x000000b81ec00000] [id=2124]
  0x0000023350eb8000 GCTaskThread "GC Thread#1" [stack: 0x000000b81ec00000,0x000000b81ed00000] [id=11420]
  0x0000023350eb9800 GCTaskThread "GC Thread#2" [stack: 0x000000b81ed00000,0x000000b81ee00000] [id=6176]
  0x0000023350ebd000 GCTaskThread "GC Thread#3" [stack: 0x000000b81ee00000,0x000000b81ef00000] [id=12504]
  0x0000023350ebf000 GCTaskThread "GC Thread#4" [stack: 0x000000b81ef00000,0x000000b81f000000] [id=4124]
  0x0000023350ec3800 GCTaskThread "GC Thread#5" [stack: 0x000000b81f000000,0x000000b81f100000] [id=6320]
  0x0000023350ec7000 GCTaskThread "GC Thread#6" [stack: 0x000000b81f100000,0x000000b81f200000] [id=4428]
  0x0000023350ec5000 GCTaskThread "GC Thread#7" [stack: 0x000000b81f200000,0x000000b81f300000] [id=1052]
  0x0000023350eca000 GCTaskThread "GC Thread#8" [stack: 0x000000b81f300000,0x000000b81f400000] [id=12848]
  0x0000023350ecc000 GCTaskThread "GC Thread#9" [stack: 0x000000b81f400000,0x000000b81f500000] [id=7424]
  0x0000023350f2e800 ConcurrentGCThread "G1 Main Marker" [stack: 0x000000b81f500000,0x000000b81f600000] [id=6796]
  0x0000023350ec5800 ConcurrentGCThread "G1 Conc#0" [stack: 0x000000b81f600000,0x000000b81f700000] [id=5832]
  0x0000023350ecb000 ConcurrentGCThread "G1 Conc#1" [stack: 0x000000b81f700000,0x000000b81f800000] [id=5960]
  0x0000023350ecb800 ConcurrentGCThread "G1 Conc#2" [stack: 0x000000b81f800000,0x000000b81f900000] [id=1376]
  0x000002337504b000 ConcurrentGCThread "G1 Refine#0" [stack: 0x000000b81f900000,0x000000b81fa00000] [id=2152]
  0x000002337504d800 ConcurrentGCThread "G1 Refine#1" [stack: 0x000000b81fa00000,0x000000b81fb00000] [id=2648]
  0x000002337504e000 ConcurrentGCThread "G1 Refine#2" [stack: 0x000000b81fb00000,0x000000b81fc00000] [id=11900]
  0x0000023375051000 ConcurrentGCThread "G1 Refine#3" [stack: 0x000000b81fc00000,0x000000b81fd00000] [id=5808]
  0x0000023375051800 ConcurrentGCThread "G1 Refine#4" [stack: 0x000000b81fd00000,0x000000b81fe00000] [id=4048]
  0x0000023375052800 ConcurrentGCThread "G1 Refine#5" [stack: 0x000000b81fe00000,0x000000b81ff00000] [id=12836]
  0x0000023375055000 ConcurrentGCThread "G1 Refine#6" [stack: 0x000000b81ff00000,0x000000b820000000] [id=6776]
  0x0000023375056000 ConcurrentGCThread "G1 Refine#7" [stack: 0x000000b820000000,0x000000b820100000] [id=8716]
  0x0000023375056800 ConcurrentGCThread "G1 Refine#8" [stack: 0x000000b820100000,0x000000b820200000] [id=8116]
  0x0000023375063800 ConcurrentGCThread "G1 Refine#9" [stack: 0x000000b820200000,0x000000b820300000] [id=13100]
  0x000002337506e000 ConcurrentGCThread "G1 Young RemSet Sampling" [stack: 0x000000b820300000,0x000000b820400000] [id=12636]

Threads with active compile tasks:
C2 CompilerThread07279       4       java.net.URI$Parser::checkChars (44 bytes)

VM state:not at safepoint (normal execution)

VM Mutex/Monitor currently owned by a thread: None

OutOfMemory and StackOverflow Exception counts:
StackOverflowErrors=1

Heap address: 0x00000006c1200000, size: 4078 MB, Compressed Oops mode: Zero based, Oop shift amount: 3
Narrow klass base: 0x0000000000000000, Narrow klass shift: 3
Compressed class space size: 1073741824 Address: 0x00000007c0000000

Heap:
 garbage-first heap   total 283648K, used 258335K [0x00000006c1200000, 0x00000007c0000000)
  region size 1024K, 3 young (3072K), 1 survivors (1024K)
 Metaspace       used 43008K, capacity 43457K, committed 44160K, reserved 1089536K
  class space    used 3615K, capacity 3855K, committed 3968K, reserved 1048576K
Heap Regions: E=young(eden), S=young(survivor), O=old, HS=humongous(starts), HC=humongous(continues), CS=collection set, F=free, A=archive, TS=gc time stamp, AC=allocation context, TAMS=top-at-mark-start (previous, next)
|   0|0x00000006c1200000, 0x00000006c1300000, 0x00000006c1300000|100%| O|  |TS  0|AC  0|TAMS 0x00000006c1300000, 0x00000006c1300000|
|   1|0x00000006c1300000, 0x00000006c1400000, 0x00000006c1400000|100%| O|  |TS  0|AC  0|TAMS 0x00000006c1400000, 0x00000006c1400000|
|   2|0x00000006c1400000, 0x00000006c1500000, 0x00000006c1500000|100%| O|  |TS  0|AC  0|TAMS 0x00000006c1500000, 0x00000006c1500000|
|   3|0x00000006c1500000, 0x00000006c1600000, 0x00000006c1600000|100%| O|  |TS  0|AC  0|TAMS 0x00000006c1600000, 0x00000006c1600000|
|   4|0x00000006c1600000, 0x00000006c1700000, 0x00000006c1700000|100%| O|  |TS  0|AC  0|TAMS 0x00000006c1700000, 0x00000006c1700000|
|   5|0x00000006c1700000, 0x00000006c1800000, 0x00000006c1800000|100%| O|  |TS  0|AC  0|TAMS 0x00000006c1800000, 0x00000006c1800000|
|   6|0x00000006c1800000, 0x00000006c1900000, 0x00000006c1900000|100%| O|  |TS  0|AC  0|TAMS 0x00000006c1900000, 0x00000006c1900000|
|   7|0x00000006c1900000, 0x00000006c1a00000, 0x00000006c1a00000|100%| O|  |TS  0|AC  0|TAMS 0x00000006c1a00000, 0x00000006c1a00000|
|   8|0x00000006c1a00000, 0x00000006c1b00000, 0x00000006c1b00000|100%| O|  |TS  0|AC  0|TAMS 0x00000006c1b00000, 0x00000006c1b00000|
|   9|0x00000006c1b00000, 0x00000006c1c00000, 0x00000006c1c00000|100%| O|  |TS  0|AC  0|TAMS 0x00000006c1c00000, 0x00000006c1c00000|
|  10|0x00000006c1c00000, 0x00000006c1d00000, 0x00000006c1d00000|100%| O|  |TS  0|AC  0|TAMS 0x00000006c1d00000, 0x00000006c1d00000|
|  11|0x00000006c1d00000, 0x00000006c1e00000, 0x00000006c1e00000|100%| O|  |TS  0|AC  0|TAMS 0x00000006c1e00000, 0x00000006c1e00000|
|  12|0x00000006c1e00000, 0x00000006c1f00000, 0x00000006c1f00000|100%| O|  |TS  0|AC  0|TAMS 0x00000006c1f00000, 0x00000006c1f00000|
|  13|0x00000006c1f00000, 0x00000006c2000000, 0x00000006c2000000|100%| O|  |TS  0|AC  0|TAMS 0x00000006c2000000, 0x00000006c2000000|
|  14|0x00000006c2000000, 0x00000006c2100000, 0x00000006c2100000|100%| O|  |TS  0|AC  0|TAMS 0x00000006c2100000, 0x00000006c2100000|
|  15|0x00000006c2100000, 0x00000006c2200000, 0x00000006c2200000|100%| O|  |TS  0|AC  0|TAMS 0x00000006c2200000, 0x00000006c2200000|
|  16|0x00000006c2200000, 0x00000006c2300000, 0x00000006c2300000|100%| O|  |TS  0|AC  0|TAMS 0x00000006c2300000, 0x00000006c2300000|
|  17|0x00000006c2300000, 0x00000006c2400000, 0x00000006c2400000|100%| O|  |TS  0|AC  0|TAMS 0x00000006c2400000, 0x00000006c2400000|
|  18|0x00000006c2400000, 0x00000006c2500000, 0x00000006c2500000|100%| O|  |TS  0|AC  0|TAMS 0x00000006c2500000, 0x00000006c2500000|
|  19|0x00000006c2500000, 0x00000006c2600000, 0x00000006c2600000|100%| O|  |TS  0|AC  0|TAMS 0x00000006c2600000, 0x00000006c2600000|
|  20|0x00000006c2600000, 0x00000006c2700000, 0x00000006c2700000|100%| O|  |TS  0|AC  0|TAMS 0x00000006c2700000, 0x00000006c2700000|
|  21|0x00000006c2700000, 0x00000006c2800000, 0x00000006c2800000|100%| O|  |TS  0|AC  0|TAMS 0x00000006c2800000, 0x00000006c2800000|
|  22|0x00000006c2800000, 0x00000006c2900000, 0x00000006c2900000|100%| O|  |TS  0|AC  0|TAMS 0x00000006c2900000, 0x00000006c2900000|
|  23|0x00000006c2900000, 0x00000006c2a00000, 0x00000006c2a00000|100%| O|  |TS  0|AC  0|TAMS 0x00000006c2a00000, 0x00000006c2a00000|
|  24|0x00000006c2a00000, 0x00000006c2b00000, 0x00000006c2b00000|100%| O|  |TS  0|AC  0|TAMS 0x00000006c2b00000, 0x00000006c2b00000|
|  25|0x00000006c2b00000, 0x00000006c2c00000, 0x00000006c2c00000|100%| O|  |TS  0|AC  0|TAMS 0x00000006c2c00000, 0x00000006c2c00000|
|  26|0x00000006c2c00000, 0x00000006c2d00000, 0x00000006c2d00000|100%| O|  |TS  0|AC  0|TAMS 0x00000006c2d00000, 0x00000006c2d00000|
|  27|0x00000006c2d00000, 0x00000006c2e00000, 0x00000006c2e00000|100%| O|  |TS  0|AC  0|TAMS 0x00000006c2e00000, 0x00000006c2e00000|
|  28|0x00000006c2e00000, 0x00000006c2f00000, 0x00000006c2f00000|100%| O|  |TS  0|AC  0|TAMS 0x00000006c2f00000, 0x00000006c2f00000|
|  29|0x00000006c2f00000, 0x00000006c3000000, 0x00000006c3000000|100%| O|  |TS  0|AC  0|TAMS 0x00000006c3000000, 0x00000006c3000000|
|  30|0x00000006c3000000, 0x00000006c3100000, 0x00000006c3100000|100%| O|  |TS  0|AC  0|TAMS 0x00000006c3100000, 0x00000006c3100000|
|  31|0x00000006c3100000, 0x00000006c3200000, 0x00000006c3200000|100%| O|  |TS  0|AC  0|TAMS 0x00000006c3200000, 0x00000006c3200000|
|  32|0x00000006c3200000, 0x00000006c3300000, 0x00000006c3300000|100%| O|  |TS  0|AC  0|TAMS 0x00000006c3300000, 0x00000006c3300000|
|  33|0x00000006c3300000, 0x00000006c3400000, 0x00000006c3400000|100%| O|  |TS  0|AC  0|TAMS 0x00000006c3400000, 0x00000006c3400000|
|  34|0x00000006c3400000, 0x00000006c3500000, 0x00000006c3500000|100%| O|  |TS  0|AC  0|TAMS 0x00000006c3500000, 0x00000006c3500000|
|  35|0x00000006c3500000, 0x00000006c3600000, 0x00000006c3600000|100%| O|  |TS  0|AC  0|TAMS 0x00000006c3600000, 0x00000006c3600000|
|  36|0x00000006c3600000, 0x00000006c3700000, 0x00000006c3700000|100%| O|  |TS  0|AC  0|TAMS 0x00000006c3700000, 0x00000006c3700000|
|  37|0x00000006c3700000, 0x00000006c3800000, 0x00000006c3800000|100%| O|  |TS  0|AC  0|TAMS 0x00000006c3800000, 0x00000006c3800000|
|  38|0x00000006c3800000, 0x00000006c3900000, 0x00000006c3900000|100%| O|  |TS  0|AC  0|TAMS 0x00000006c3900000, 0x00000006c3900000|
|  39|0x00000006c3900000, 0x00000006c3a00000, 0x00000006c3a00000|100%| O|  |TS  0|AC  0|TAMS 0x00000006c3a00000, 0x00000006c3a00000|
|  40|0x00000006c3a00000, 0x00000006c3b00000, 0x00000006c3b00000|100%| O|  |TS  0|AC  0|TAMS 0x00000006c3b00000, 0x00000006c3b00000|
|  41|0x00000006c3b00000, 0x00000006c3c00000, 0x00000006c3c00000|100%| O|  |TS  0|AC  0|TAMS 0x00000006c3c00000, 0x00000006c3c00000|
|  42|0x00000006c3c00000, 0x00000006c3d00000, 0x00000006c3d00000|100%| O|  |TS  0|AC  0|TAMS 0x00000006c3d00000, 0x00000006c3d00000|
|  43|0x00000006c3d00000, 0x00000006c3e00000, 0x00000006c3e00000|100%| O|  |TS  0|AC  0|TAMS 0x00000006c3e00000, 0x00000006c3e00000|
|  44|0x00000006c3e00000, 0x00000006c3f00000, 0x00000006c3f00000|100%| O|  |TS  0|AC  0|TAMS 0x00000006c3f00000, 0x00000006c3f00000|
|  45|0x00000006c3f00000, 0x00000006c4000000, 0x00000006c4000000|100%| O|  |TS  0|AC  0|TAMS 0x00000006c4000000, 0x00000006c4000000|
|  46|0x00000006c4000000, 0x00000006c4100000, 0x00000006c4100000|100%| O|  |TS  0|AC  0|TAMS 0x00000006c4100000, 0x00000006c4100000|
|  47|0x00000006c4100000, 0x00000006c4200000, 0x00000006c4200000|100%| O|  |TS  0|AC  0|TAMS 0x00000006c4200000, 0x00000006c4200000|
|  48|0x00000006c4200000, 0x00000006c4300000, 0x00000006c4300000|100%| O|  |TS  0|AC  0|TAMS 0x00000006c4300000, 0x00000006c4300000|
|  49|0x00000006c4300000, 0x00000006c4400000, 0x00000006c4400000|100%| O|  |TS  0|AC  0|TAMS 0x00000006c4400000, 0x00000006c4400000|
|  50|0x00000006c4400000, 0x00000006c4500000, 0x00000006c4500000|100%| O|  |TS  0|AC  0|TAMS 0x00000006c4500000, 0x00000006c4500000|
|  51|0x00000006c4500000, 0x00000006c4600000, 0x00000006c4600000|100%| O|  |TS  0|AC  0|TAMS 0x00000006c4600000, 0x00000006c4600000|
|  52|0x00000006c4600000, 0x00000006c4700000, 0x00000006c4700000|100%| O|  |TS  0|AC  0|TAMS 0x00000006c4700000, 0x00000006c4700000|
|  53|0x00000006c4700000, 0x00000006c4800000, 0x00000006c4800000|100%| O|  |TS  0|AC  0|TAMS 0x00000006c4800000, 0x00000006c4800000|
|  54|0x00000006c4800000, 0x00000006c4900000, 0x00000006c4900000|100%| O|  |TS  0|AC  0|TAMS 0x00000006c4900000, 0x00000006c4900000|
|  55|0x00000006c4900000, 0x00000006c4a00000, 0x00000006c4a00000|100%| O|  |TS  0|AC  0|TAMS 0x00000006c4a00000, 0x00000006c4a00000|
|  56|0x00000006c4a00000, 0x00000006c4b00000, 0x00000006c4b00000|100%| O|  |TS  0|AC  0|TAMS 0x00000006c4b00000, 0x00000006c4b00000|
|  57|0x00000006c4b00000, 0x00000006c4c00000, 0x00000006c4c00000|100%| O|  |TS  0|AC  0|TAMS 0x00000006c4c00000, 0x00000006c4c00000|
|  58|0x00000006c4c00000, 0x00000006c4d00000, 0x00000006c4d00000|100%| O|  |TS  0|AC  0|TAMS 0x00000006c4d00000, 0x00000006c4d00000|
|  59|0x00000006c4d00000, 0x00000006c4e00000, 0x00000006c4e00000|100%| O|  |TS  0|AC  0|TAMS 0x00000006c4e00000, 0x00000006c4e00000|
|  60|0x00000006c4e00000, 0x00000006c4f00000, 0x00000006c4f00000|100%| O|  |TS  0|AC  0|TAMS 0x00000006c4f00000, 0x00000006c4f00000|
|  61|0x00000006c4f00000, 0x00000006c5000000, 0x00000006c5000000|100%| O|  |TS  0|AC  0|TAMS 0x00000006c5000000, 0x00000006c5000000|
|  62|0x00000006c5000000, 0x00000006c5100000, 0x00000006c5100000|100%| O|  |TS  0|AC  0|TAMS 0x00000006c5100000, 0x00000006c5100000|
|  63|0x00000006c5100000, 0x00000006c5200000, 0x00000006c5200000|100%| O|  |TS  0|AC  0|TAMS 0x00000006c5200000, 0x00000006c5200000|
|  64|0x00000006c5200000, 0x00000006c5300000, 0x00000006c5300000|100%| O|  |TS  0|AC  0|TAMS 0x00000006c5300000, 0x00000006c5300000|
|  65|0x00000006c5300000, 0x00000006c5400000, 0x00000006c5400000|100%| O|  |TS  0|AC  0|TAMS 0x00000006c5400000, 0x00000006c5400000|
|  66|0x00000006c5400000, 0x00000006c5500000, 0x00000006c5500000|100%| O|  |TS  0|AC  0|TAMS 0x00000006c5500000, 0x00000006c5500000|
|  67|0x00000006c5500000, 0x00000006c5600000, 0x00000006c5600000|100%| O|  |TS  0|AC  0|TAMS 0x00000006c5600000, 0x00000006c5600000|
|  68|0x00000006c5600000, 0x00000006c5700000, 0x00000006c5700000|100%| O|  |TS  0|AC  0|TAMS 0x00000006c5700000, 0x00000006c5700000|
|  69|0x00000006c5700000, 0x00000006c5800000, 0x00000006c5800000|100%| O|  |TS  0|AC  0|TAMS 0x00000006c5800000, 0x00000006c5800000|
|  70|0x00000006c5800000, 0x00000006c5900000, 0x00000006c5900000|100%| O|  |TS  0|AC  0|TAMS 0x00000006c5900000, 0x00000006c5900000|
|  71|0x00000006c5900000, 0x00000006c5a00000, 0x00000006c5a00000|100%| O|  |TS  0|AC  0|TAMS 0x00000006c5a00000, 0x00000006c5a00000|
|  72|0x00000006c5a00000, 0x00000006c5b00000, 0x00000006c5b00000|100%| O|  |TS  0|AC  0|TAMS 0x00000006c5b00000, 0x00000006c5b00000|
|  73|0x00000006c5b00000, 0x00000006c5c00000, 0x00000006c5c00000|100%| O|  |TS  0|AC  0|TAMS 0x00000006c5c00000, 0x00000006c5c00000|
|  74|0x00000006c5c00000, 0x00000006c5d00000, 0x00000006c5d00000|100%| O|  |TS  0|AC  0|TAMS 0x00000006c5d00000, 0x00000006c5d00000|
|  75|0x00000006c5d00000, 0x00000006c5e00000, 0x00000006c5e00000|100%| O|  |TS  0|AC  0|TAMS 0x00000006c5e00000, 0x00000006c5e00000|
|  76|0x00000006c5e00000, 0x00000006c5f00000, 0x00000006c5f00000|100%| O|  |TS  0|AC  0|TAMS 0x00000006c5f00000, 0x00000006c5f00000|
|  77|0x00000006c5f00000, 0x00000006c6000000, 0x00000006c6000000|100%| O|  |TS  0|AC  0|TAMS 0x00000006c6000000, 0x00000006c6000000|
|  78|0x00000006c6000000, 0x00000006c6100000, 0x00000006c6100000|100%| O|  |TS  0|AC  0|TAMS 0x00000006c6100000, 0x00000006c6100000|
|  79|0x00000006c6100000, 0x00000006c6200000, 0x00000006c6200000|100%| O|  |TS  0|AC  0|TAMS 0x00000006c6200000, 0x00000006c6200000|
|  80|0x00000006c6200000, 0x00000006c6300000, 0x00000006c6300000|100%| O|  |TS  0|AC  0|TAMS 0x00000006c6300000, 0x00000006c6300000|
|  81|0x00000006c6300000, 0x00000006c6400000, 0x00000006c6400000|100%| O|  |TS  0|AC  0|TAMS 0x00000006c6400000, 0x00000006c6400000|
|  82|0x00000006c6400000, 0x00000006c6500000, 0x00000006c6500000|100%| O|  |TS  0|AC  0|TAMS 0x00000006c6500000, 0x00000006c6500000|
|  83|0x00000006c6500000, 0x00000006c6600000, 0x00000006c6600000|100%| O|  |TS  0|AC  0|TAMS 0x00000006c6600000, 0x00000006c6600000|
|  84|0x00000006c6600000, 0x00000006c6700000, 0x00000006c6700000|100%| O|  |TS  0|AC  0|TAMS 0x00000006c6700000, 0x00000006c6700000|
|  85|0x00000006c6700000, 0x00000006c6800000, 0x00000006c6800000|100%| O|  |TS  0|AC  0|TAMS 0x00000006c6800000, 0x00000006c6800000|
|  86|0x00000006c6800000, 0x00000006c6900000, 0x00000006c6900000|100%| O|  |TS  0|AC  0|TAMS 0x00000006c6900000, 0x00000006c6900000|
|  87|0x00000006c6900000, 0x00000006c6a00000, 0x00000006c6a00000|100%| O|  |TS  0|AC  0|TAMS 0x00000006c6a00000, 0x00000006c6a00000|
|  88|0x00000006c6a00000, 0x00000006c6b00000, 0x00000006c6b00000|100%| O|  |TS  0|AC  0|TAMS 0x00000006c6b00000, 0x00000006c6b00000|
|  89|0x00000006c6b00000, 0x00000006c6c00000, 0x00000006c6c00000|100%| O|  |TS  0|AC  0|TAMS 0x00000006c6c00000, 0x00000006c6c00000|
|  90|0x00000006c6c00000, 0x00000006c6d00000, 0x00000006c6d00000|100%| O|  |TS  0|AC  0|TAMS 0x00000006c6d00000, 0x00000006c6d00000|
|  91|0x00000006c6d00000, 0x00000006c6e00000, 0x00000006c6e00000|100%| O|  |TS  0|AC  0|TAMS 0x00000006c6e00000, 0x00000006c6e00000|
|  92|0x00000006c6e00000, 0x00000006c6f00000, 0x00000006c6f00000|100%| O|  |TS  0|AC  0|TAMS 0x00000006c6f00000, 0x00000006c6f00000|
|  93|0x00000006c6f00000, 0x00000006c7000000, 0x00000006c7000000|100%| O|  |TS  0|AC  0|TAMS 0x00000006c7000000, 0x00000006c7000000|
|  94|0x00000006c7000000, 0x00000006c7100000, 0x00000006c7100000|100%| O|  |TS  0|AC  0|TAMS 0x00000006c7100000, 0x00000006c7100000|
|  95|0x00000006c7100000, 0x00000006c7200000, 0x00000006c7200000|100%| O|  |TS  0|AC  0|TAMS 0x00000006c7200000, 0x00000006c7200000|
|  96|0x00000006c7200000, 0x00000006c7300000, 0x00000006c7300000|100%| O|  |TS  0|AC  0|TAMS 0x00000006c7300000, 0x00000006c7300000|
|  97|0x00000006c7300000, 0x00000006c7400000, 0x00000006c7400000|100%| O|  |TS  0|AC  0|TAMS 0x00000006c7400000, 0x00000006c7400000|
|  98|0x00000006c7400000, 0x00000006c7500000, 0x00000006c7500000|100%| O|  |TS  0|AC  0|TAMS 0x00000006c7500000, 0x00000006c7500000|
|  99|0x00000006c7500000, 0x00000006c7600000, 0x00000006c7600000|100%| O|  |TS  0|AC  0|TAMS 0x00000006c7600000, 0x00000006c7600000|
| 100|0x00000006c7600000, 0x00000006c7700000, 0x00000006c7700000|100%| O|  |TS  0|AC  0|TAMS 0x00000006c7700000, 0x00000006c7700000|
| 101|0x00000006c7700000, 0x00000006c7800000, 0x00000006c7800000|100%| O|  |TS  0|AC  0|TAMS 0x00000006c7800000, 0x00000006c7800000|
| 102|0x00000006c7800000, 0x00000006c7900000, 0x00000006c7900000|100%| O|  |TS  0|AC  0|TAMS 0x00000006c7900000, 0x00000006c7900000|
| 103|0x00000006c7900000, 0x00000006c7a00000, 0x00000006c7a00000|100%| O|  |TS  0|AC  0|TAMS 0x00000006c7a00000, 0x00000006c7a00000|
| 104|0x00000006c7a00000, 0x00000006c7b00000, 0x00000006c7b00000|100%| O|  |TS  0|AC  0|TAMS 0x00000006c7b00000, 0x00000006c7b00000|
| 105|0x00000006c7b00000, 0x00000006c7c00000, 0x00000006c7c00000|100%| O|  |TS  0|AC  0|TAMS 0x00000006c7c00000, 0x00000006c7c00000|
| 106|0x00000006c7c00000, 0x00000006c7d00000, 0x00000006c7d00000|100%| O|  |TS  0|AC  0|TAMS 0x00000006c7d00000, 0x00000006c7d00000|
| 107|0x00000006c7d00000, 0x00000006c7e00000, 0x00000006c7e00000|100%| O|  |TS  0|AC  0|TAMS 0x00000006c7e00000, 0x00000006c7e00000|
| 108|0x00000006c7e00000, 0x00000006c7f00000, 0x00000006c7f00000|100%| O|  |TS  0|AC  0|TAMS 0x00000006c7f00000, 0x00000006c7f00000|
| 109|0x00000006c7f00000, 0x00000006c8000000, 0x00000006c8000000|100%| O|  |TS  0|AC  0|TAMS 0x00000006c8000000, 0x00000006c8000000|
| 110|0x00000006c8000000, 0x00000006c8100000, 0x00000006c8100000|100%| O|  |TS  0|AC  0|TAMS 0x00000006c8100000, 0x00000006c8100000|
| 111|0x00000006c8100000, 0x00000006c8200000, 0x00000006c8200000|100%| O|  |TS  0|AC  0|TAMS 0x00000006c8200000, 0x00000006c8200000|
| 112|0x00000006c8200000, 0x00000006c8300000, 0x00000006c8300000|100%| O|  |TS  0|AC  0|TAMS 0x00000006c8300000, 0x00000006c8300000|
| 113|0x00000006c8300000, 0x00000006c8400000, 0x00000006c8400000|100%| O|  |TS  0|AC  0|TAMS 0x00000006c8400000, 0x00000006c8400000|
| 114|0x00000006c8400000, 0x00000006c8500000, 0x00000006c8500000|100%| O|  |TS  0|AC  0|TAMS 0x00000006c8500000, 0x00000006c8500000|
| 115|0x00000006c8500000, 0x00000006c8600000, 0x00000006c8600000|100%| O|  |TS  0|AC  0|TAMS 0x00000006c8600000, 0x00000006c8600000|
| 116|0x00000006c8600000, 0x00000006c8700000, 0x00000006c8700000|100%| O|  |TS  0|AC  0|TAMS 0x00000006c8700000, 0x00000006c8700000|
| 117|0x00000006c8700000, 0x00000006c8800000, 0x00000006c8800000|100%| O|  |TS  0|AC  0|TAMS 0x00000006c8800000, 0x00000006c8800000|
| 118|0x00000006c8800000, 0x00000006c8900000, 0x00000006c8900000|100%| O|  |TS  0|AC  0|TAMS 0x00000006c8900000, 0x00000006c8900000|
| 119|0x00000006c8900000, 0x00000006c8a00000, 0x00000006c8a00000|100%| O|  |TS  0|AC  0|TAMS 0x00000006c8a00000, 0x00000006c8a00000|
| 120|0x00000006c8a00000, 0x00000006c8b00000, 0x00000006c8b00000|100%| O|  |TS  0|AC  0|TAMS 0x00000006c8b00000, 0x00000006c8b00000|
| 121|0x00000006c8b00000, 0x00000006c8b86400, 0x00000006c8c00000| 52%| O|  |TS  2|AC  0|TAMS 0x00000006c8b7b000, 0x00000006c8b86400|
| 122|0x00000006c8c00000, 0x00000006c8d00000, 0x00000006c8d00000|100%| O|  |TS  0|AC  0|TAMS 0x00000006c8d00000, 0x00000006c8d00000|
| 123|0x00000006c8d00000, 0x00000006c8e00000, 0x00000006c8e00000|100%| O|  |TS  0|AC  0|TAMS 0x00000006c8e00000, 0x00000006c8e00000|
| 124|0x00000006c8e00000, 0x00000006c8f00000, 0x00000006c8f00000|100%| O|  |TS  0|AC  0|TAMS 0x00000006c8f00000, 0x00000006c8f00000|
| 125|0x00000006c8f00000, 0x00000006c9000000, 0x00000006c9000000|100%| O|  |TS  0|AC  0|TAMS 0x00000006c9000000, 0x00000006c9000000|
| 126|0x00000006c9000000, 0x00000006c9100000, 0x00000006c9100000|100%| O|  |TS  0|AC  0|TAMS 0x00000006c9100000, 0x00000006c9100000|
| 127|0x00000006c9100000, 0x00000006c9200000, 0x00000006c9200000|100%| O|  |TS  0|AC  0|TAMS 0x00000006c9200000, 0x00000006c9200000|
| 128|0x00000006c9200000, 0x00000006c9300000, 0x00000006c9300000|100%| O|  |TS  0|AC  0|TAMS 0x00000006c9300000, 0x00000006c9300000|
| 129|0x00000006c9300000, 0x00000006c9400000, 0x00000006c9400000|100%| O|  |TS  0|AC  0|TAMS 0x00000006c9400000, 0x00000006c9400000|
| 130|0x00000006c9400000, 0x00000006c9500000, 0x00000006c9500000|100%| O|  |TS  0|AC  0|TAMS 0x00000006c9500000, 0x00000006c9500000|
| 131|0x00000006c9500000, 0x00000006c9600000, 0x00000006c9600000|100%| O|  |TS  0|AC  0|TAMS 0x00000006c9600000, 0x00000006c9600000|
| 132|0x00000006c9600000, 0x00000006c9700000, 0x00000006c9700000|100%| O|  |TS  0|AC  0|TAMS 0x00000006c9700000, 0x00000006c9700000|
| 133|0x00000006c9700000, 0x00000006c9800000, 0x00000006c9800000|100%| O|  |TS  0|AC  0|TAMS 0x00000006c9800000, 0x00000006c9800000|
| 134|0x00000006c9800000, 0x00000006c9900000, 0x00000006c9900000|100%| O|  |TS  0|AC  0|TAMS 0x00000006c9900000, 0x00000006c9900000|
| 135|0x00000006c9900000, 0x00000006c9a00000, 0x00000006c9a00000|100%| O|  |TS  0|AC  0|TAMS 0x00000006c9a00000, 0x00000006c9a00000|
| 136|0x00000006c9a00000, 0x00000006c9b00000, 0x00000006c9b00000|100%| O|  |TS  0|AC  0|TAMS 0x00000006c9b00000, 0x00000006c9b00000|
| 137|0x00000006c9b00000, 0x00000006c9c00000, 0x00000006c9c00000|100%| O|  |TS  0|AC  0|TAMS 0x00000006c9c00000, 0x00000006c9c00000|
| 138|0x00000006c9c00000, 0x00000006c9d00000, 0x00000006c9d00000|100%| O|  |TS  0|AC  0|TAMS 0x00000006c9d00000, 0x00000006c9d00000|
| 139|0x00000006c9d00000, 0x00000006c9e00000, 0x00000006c9e00000|100%| O|  |TS  0|AC  0|TAMS 0x00000006c9e00000, 0x00000006c9e00000|
| 140|0x00000006c9e00000, 0x00000006c9f00000, 0x00000006c9f00000|100%| O|  |TS  0|AC  0|TAMS 0x00000006c9f00000, 0x00000006c9f00000|
| 141|0x00000006c9f00000, 0x00000006ca000000, 0x00000006ca000000|100%| O|  |TS  0|AC  0|TAMS 0x00000006ca000000, 0x00000006ca000000|
| 142|0x00000006ca000000, 0x00000006ca100000, 0x00000006ca100000|100%| O|  |TS  0|AC  0|TAMS 0x00000006ca100000, 0x00000006ca100000|
| 143|0x00000006ca100000, 0x00000006ca200000, 0x00000006ca200000|100%| O|  |TS  0|AC  0|TAMS 0x00000006ca200000, 0x00000006ca200000|
| 144|0x00000006ca200000, 0x00000006ca300000, 0x00000006ca300000|100%| O|  |TS  0|AC  0|TAMS 0x00000006ca300000, 0x00000006ca300000|
| 145|0x00000006ca300000, 0x00000006ca400000, 0x00000006ca400000|100%| O|  |TS  0|AC  0|TAMS 0x00000006ca400000, 0x00000006ca400000|
| 146|0x00000006ca400000, 0x00000006ca500000, 0x00000006ca500000|100%| O|  |TS  0|AC  0|TAMS 0x00000006ca500000, 0x00000006ca500000|
| 147|0x00000006ca500000, 0x00000006ca600000, 0x00000006ca600000|100%| O|  |TS  0|AC  0|TAMS 0x00000006ca600000, 0x00000006ca600000|
| 148|0x00000006ca600000, 0x00000006ca700000, 0x00000006ca700000|100%| O|  |TS  0|AC  0|TAMS 0x00000006ca700000, 0x00000006ca700000|
| 149|0x00000006ca700000, 0x00000006ca800000, 0x00000006ca800000|100%| O|  |TS  0|AC  0|TAMS 0x00000006ca800000, 0x00000006ca800000|
| 150|0x00000006ca800000, 0x00000006ca900000, 0x00000006ca900000|100%| O|  |TS  0|AC  0|TAMS 0x00000006ca900000, 0x00000006ca900000|
| 151|0x00000006ca900000, 0x00000006caa00000, 0x00000006caa00000|100%| O|  |TS  0|AC  0|TAMS 0x00000006caa00000, 0x00000006caa00000|
| 152|0x00000006caa00000, 0x00000006cab00000, 0x00000006cab00000|100%| O|  |TS  0|AC  0|TAMS 0x00000006cab00000, 0x00000006cab00000|
| 153|0x00000006cab00000, 0x00000006cac00000, 0x00000006cac00000|100%| O|  |TS  0|AC  0|TAMS 0x00000006cac00000, 0x00000006cac00000|
| 154|0x00000006cac00000, 0x00000006cad00000, 0x00000006cad00000|100%| O|  |TS  0|AC  0|TAMS 0x00000006cad00000, 0x00000006cad00000|
| 155|0x00000006cad00000, 0x00000006cae00000, 0x00000006cae00000|100%| O|  |TS  0|AC  0|TAMS 0x00000006cae00000, 0x00000006cae00000|
| 156|0x00000006cae00000, 0x00000006caf00000, 0x00000006caf00000|100%| O|  |TS  0|AC  0|TAMS 0x00000006caf00000, 0x00000006caf00000|
| 157|0x00000006caf00000, 0x00000006cb000000, 0x00000006cb000000|100%| O|  |TS  0|AC  0|TAMS 0x00000006cb000000, 0x00000006cb000000|
| 158|0x00000006cb000000, 0x00000006cb100000, 0x00000006cb100000|100%| O|  |TS  0|AC  0|TAMS 0x00000006cb100000, 0x00000006cb100000|
| 159|0x00000006cb100000, 0x00000006cb200000, 0x00000006cb200000|100%| O|  |TS  0|AC  0|TAMS 0x00000006cb200000, 0x00000006cb200000|
| 160|0x00000006cb200000, 0x00000006cb300000, 0x00000006cb300000|100%| O|  |TS  0|AC  0|TAMS 0x00000006cb300000, 0x00000006cb300000|
| 161|0x00000006cb300000, 0x00000006cb400000, 0x00000006cb400000|100%| O|  |TS  0|AC  0|TAMS 0x00000006cb400000, 0x00000006cb400000|
| 162|0x00000006cb400000, 0x00000006cb500000, 0x00000006cb500000|100%| O|  |TS  0|AC  0|TAMS 0x00000006cb500000, 0x00000006cb500000|
| 163|0x00000006cb500000, 0x00000006cb600000, 0x00000006cb600000|100%| O|  |TS  0|AC  0|TAMS 0x00000006cb600000, 0x00000006cb600000|
| 164|0x00000006cb600000, 0x00000006cb700000, 0x00000006cb700000|100%| O|  |TS  0|AC  0|TAMS 0x00000006cb700000, 0x00000006cb700000|
| 165|0x00000006cb700000, 0x00000006cb800000, 0x00000006cb800000|100%| O|  |TS  0|AC  0|TAMS 0x00000006cb800000, 0x00000006cb800000|
| 166|0x00000006cb800000, 0x00000006cb900000, 0x00000006cb900000|100%| O|  |TS  0|AC  0|TAMS 0x00000006cb900000, 0x00000006cb900000|
| 167|0x00000006cb900000, 0x00000006cba00000, 0x00000006cba00000|100%| O|  |TS  0|AC  0|TAMS 0x00000006cba00000, 0x00000006cba00000|
| 168|0x00000006cba00000, 0x00000006cbb00000, 0x00000006cbb00000|100%| O|  |TS  0|AC  0|TAMS 0x00000006cbb00000, 0x00000006cbb00000|
| 169|0x00000006cbb00000, 0x00000006cbc00000, 0x00000006cbc00000|100%| O|  |TS  0|AC  0|TAMS 0x00000006cbc00000, 0x00000006cbc00000|
| 170|0x00000006cbc00000, 0x00000006cbd00000, 0x00000006cbd00000|100%| O|  |TS  0|AC  0|TAMS 0x00000006cbd00000, 0x00000006cbd00000|
| 171|0x00000006cbd00000, 0x00000006cbe00000, 0x00000006cbe00000|100%| O|  |TS  0|AC  0|TAMS 0x00000006cbe00000, 0x00000006cbe00000|
| 172|0x00000006cbe00000, 0x00000006cbf00000, 0x00000006cbf00000|100%| O|  |TS  0|AC  0|TAMS 0x00000006cbf00000, 0x00000006cbf00000|
| 173|0x00000006cbf00000, 0x00000006cc000000, 0x00000006cc000000|100%| O|  |TS  0|AC  0|TAMS 0x00000006cc000000, 0x00000006cc000000|
| 174|0x00000006cc000000, 0x00000006cc100000, 0x00000006cc100000|100%| O|  |TS  0|AC  0|TAMS 0x00000006cc100000, 0x00000006cc100000|
| 175|0x00000006cc100000, 0x00000006cc200000, 0x00000006cc200000|100%| O|  |TS  0|AC  0|TAMS 0x00000006cc200000, 0x00000006cc200000|
| 176|0x00000006cc200000, 0x00000006cc300000, 0x00000006cc300000|100%| O|  |TS  0|AC  0|TAMS 0x00000006cc300000, 0x00000006cc300000|
| 177|0x00000006cc300000, 0x00000006cc400000, 0x00000006cc400000|100%| O|  |TS  0|AC  0|TAMS 0x00000006cc400000, 0x00000006cc400000|
| 178|0x00000006cc400000, 0x00000006cc500000, 0x00000006cc500000|100%| O|  |TS  0|AC  0|TAMS 0x00000006cc500000, 0x00000006cc500000|
| 179|0x00000006cc500000, 0x00000006cc600000, 0x00000006cc600000|100%| O|  |TS  0|AC  0|TAMS 0x00000006cc600000, 0x00000006cc600000|
| 180|0x00000006cc600000, 0x00000006cc700000, 0x00000006cc700000|100%| O|  |TS  0|AC  0|TAMS 0x00000006cc700000, 0x00000006cc700000|
| 181|0x00000006cc700000, 0x00000006cc800000, 0x00000006cc800000|100%| O|  |TS  0|AC  0|TAMS 0x00000006cc800000, 0x00000006cc800000|
| 182|0x00000006cc800000, 0x00000006cc900000, 0x00000006cc900000|100%| O|  |TS  0|AC  0|TAMS 0x00000006cc900000, 0x00000006cc900000|
| 183|0x00000006cc900000, 0x00000006cca00000, 0x00000006cca00000|100%| O|  |TS  0|AC  0|TAMS 0x00000006cca00000, 0x00000006cca00000|
| 184|0x00000006cca00000, 0x00000006ccb00000, 0x00000006ccb00000|100%| O|  |TS  0|AC  0|TAMS 0x00000006ccb00000, 0x00000006ccb00000|
| 185|0x00000006ccb00000, 0x00000006ccc00000, 0x00000006ccc00000|100%| O|  |TS  0|AC  0|TAMS 0x00000006ccc00000, 0x00000006ccc00000|
| 186|0x00000006ccc00000, 0x00000006ccd00000, 0x00000006ccd00000|100%| O|  |TS  0|AC  0|TAMS 0x00000006ccd00000, 0x00000006ccd00000|
| 187|0x00000006ccd00000, 0x00000006cce00000, 0x00000006cce00000|100%| O|  |TS  0|AC  0|TAMS 0x00000006cce00000, 0x00000006cce00000|
| 188|0x00000006cce00000, 0x00000006ccf00000, 0x00000006ccf00000|100%| O|  |TS  0|AC  0|TAMS 0x00000006ccf00000, 0x00000006ccf00000|
| 189|0x00000006ccf00000, 0x00000006cd000000, 0x00000006cd000000|100%| O|  |TS  0|AC  0|TAMS 0x00000006cd000000, 0x00000006cd000000|
| 190|0x00000006cd000000, 0x00000006cd100000, 0x00000006cd100000|100%| O|  |TS  0|AC  0|TAMS 0x00000006cd100000, 0x00000006cd100000|
| 191|0x00000006cd100000, 0x00000006cd200000, 0x00000006cd200000|100%| O|  |TS  0|AC  0|TAMS 0x00000006cd200000, 0x00000006cd200000|
| 192|0x00000006cd200000, 0x00000006cd300000, 0x00000006cd300000|100%| O|  |TS  0|AC  0|TAMS 0x00000006cd300000, 0x00000006cd300000|
| 193|0x00000006cd300000, 0x00000006cd400000, 0x00000006cd400000|100%| O|  |TS  0|AC  0|TAMS 0x00000006cd400000, 0x00000006cd400000|
| 194|0x00000006cd400000, 0x00000006cd500000, 0x00000006cd500000|100%| O|  |TS  0|AC  0|TAMS 0x00000006cd500000, 0x00000006cd500000|
| 195|0x00000006cd500000, 0x00000006cd600000, 0x00000006cd600000|100%| O|  |TS  0|AC  0|TAMS 0x00000006cd600000, 0x00000006cd600000|
| 196|0x00000006cd600000, 0x00000006cd700000, 0x00000006cd700000|100%| O|  |TS  0|AC  0|TAMS 0x00000006cd700000, 0x00000006cd700000|
| 197|0x00000006cd700000, 0x00000006cd800000, 0x00000006cd800000|100%| O|  |TS  0|AC  0|TAMS 0x00000006cd800000, 0x00000006cd800000|
| 198|0x00000006cd800000, 0x00000006cd900000, 0x00000006cd900000|100%| O|  |TS  0|AC  0|TAMS 0x00000006cd900000, 0x00000006cd900000|
| 199|0x00000006cd900000, 0x00000006cda00000, 0x00000006cda00000|100%| O|  |TS  0|AC  0|TAMS 0x00000006cda00000, 0x00000006cda00000|
| 200|0x00000006cda00000, 0x00000006cdb00000, 0x00000006cdb00000|100%| O|  |TS  0|AC  0|TAMS 0x00000006cdb00000, 0x00000006cdb00000|
| 201|0x00000006cdb00000, 0x00000006cdc00000, 0x00000006cdc00000|100%| O|  |TS  0|AC  0|TAMS 0x00000006cdc00000, 0x00000006cdc00000|
| 202|0x00000006cdc00000, 0x00000006cdd00000, 0x00000006cdd00000|100%| O|  |TS  0|AC  0|TAMS 0x00000006cdd00000, 0x00000006cdd00000|
| 203|0x00000006cdd00000, 0x00000006cde00000, 0x00000006cde00000|100%| O|  |TS  0|AC  0|TAMS 0x00000006cde00000, 0x00000006cde00000|
| 204|0x00000006cde00000, 0x00000006cdf00000, 0x00000006cdf00000|100%| O|  |TS  0|AC  0|TAMS 0x00000006cdf00000, 0x00000006cdf00000|
| 205|0x00000006cdf00000, 0x00000006ce000000, 0x00000006ce000000|100%| O|  |TS  0|AC  0|TAMS 0x00000006ce000000, 0x00000006ce000000|
| 206|0x00000006ce000000, 0x00000006ce100000, 0x00000006ce100000|100%| O|  |TS  0|AC  0|TAMS 0x00000006ce100000, 0x00000006ce100000|
| 207|0x00000006ce100000, 0x00000006ce200000, 0x00000006ce200000|100%| O|  |TS  0|AC  0|TAMS 0x00000006ce200000, 0x00000006ce200000|
| 208|0x00000006ce200000, 0x00000006ce300000, 0x00000006ce300000|100%| O|  |TS  0|AC  0|TAMS 0x00000006ce300000, 0x00000006ce300000|
| 209|0x00000006ce300000, 0x00000006ce400000, 0x00000006ce400000|100%| O|  |TS  0|AC  0|TAMS 0x00000006ce400000, 0x00000006ce400000|
| 210|0x00000006ce400000, 0x00000006ce500000, 0x00000006ce500000|100%| O|  |TS  0|AC  0|TAMS 0x00000006ce500000, 0x00000006ce500000|
| 211|0x00000006ce500000, 0x00000006ce600000, 0x00000006ce600000|100%| O|  |TS  0|AC  0|TAMS 0x00000006ce600000, 0x00000006ce600000|
| 212|0x00000006ce600000, 0x00000006ce700000, 0x00000006ce700000|100%| O|  |TS  0|AC  0|TAMS 0x00000006ce700000, 0x00000006ce700000|
| 213|0x00000006ce700000, 0x00000006ce800000, 0x00000006ce800000|100%| O|  |TS  0|AC  0|TAMS 0x00000006ce800000, 0x00000006ce800000|
| 214|0x00000006ce800000, 0x00000006ce900000, 0x00000006ce900000|100%| O|  |TS  0|AC  0|TAMS 0x00000006ce900000, 0x00000006ce900000|
| 215|0x00000006ce900000, 0x00000006cea00000, 0x00000006cea00000|100%| O|  |TS  0|AC  0|TAMS 0x00000006cea00000, 0x00000006cea00000|
| 216|0x00000006cea00000, 0x00000006ceb00000, 0x00000006ceb00000|100%| O|  |TS  0|AC  0|TAMS 0x00000006ceb00000, 0x00000006ceb00000|
| 217|0x00000006ceb00000, 0x00000006cec00000, 0x00000006cec00000|100%| O|  |TS  0|AC  0|TAMS 0x00000006cec00000, 0x00000006cec00000|
| 218|0x00000006cec00000, 0x00000006ced00000, 0x00000006ced00000|100%| O|  |TS  0|AC  0|TAMS 0x00000006ced00000, 0x00000006ced00000|
| 219|0x00000006ced00000, 0x00000006cee00000, 0x00000006cee00000|100%| O|  |TS  0|AC  0|TAMS 0x00000006cee00000, 0x00000006cee00000|
| 220|0x00000006cee00000, 0x00000006cef00000, 0x00000006cef00000|100%| O|  |TS  0|AC  0|TAMS 0x00000006cef00000, 0x00000006cef00000|
| 221|0x00000006cef00000, 0x00000006cef00000, 0x00000006cf000000|  0%| F|  |TS  0|AC  0|TAMS 0x00000006cef00000, 0x00000006cef00000|
| 222|0x00000006cf000000, 0x00000006cf100000, 0x00000006cf100000|100%| O|  |TS  0|AC  0|TAMS 0x00000006cf100000, 0x00000006cf100000|
| 223|0x00000006cf100000, 0x00000006cf200000, 0x00000006cf200000|100%| O|  |TS  0|AC  0|TAMS 0x00000006cf200000, 0x00000006cf200000|
| 224|0x00000006cf200000, 0x00000006cf300000, 0x00000006cf300000|100%| O|  |TS  0|AC  0|TAMS 0x00000006cf300000, 0x00000006cf300000|
| 225|0x00000006cf300000, 0x00000006cf400000, 0x00000006cf400000|100%| O|  |TS  0|AC  0|TAMS 0x00000006cf400000, 0x00000006cf400000|
| 226|0x00000006cf400000, 0x00000006cf500000, 0x00000006cf500000|100%| O|  |TS  0|AC  0|TAMS 0x00000006cf500000, 0x00000006cf500000|
| 227|0x00000006cf500000, 0x00000006cf500000, 0x00000006cf600000|  0%| F|  |TS  0|AC  0|TAMS 0x00000006cf500000, 0x00000006cf500000|
| 228|0x00000006cf600000, 0x00000006cf600000, 0x00000006cf700000|  0%| F|  |TS  0|AC  0|TAMS 0x00000006cf600000, 0x00000006cf600000|
| 229|0x00000006cf700000, 0x00000006cf700000, 0x00000006cf800000|  0%| F|  |TS  0|AC  0|TAMS 0x00000006cf700000, 0x00000006cf700000|
| 230|0x00000006cf800000, 0x00000006cf800000, 0x00000006cf900000|  0%| F|  |TS  0|AC  0|TAMS 0x00000006cf800000, 0x00000006cf800000|
| 231|0x00000006cf900000, 0x00000006cfa00000, 0x00000006cfa00000|100%| O|  |TS  0|AC  0|TAMS 0x00000006cfa00000, 0x00000006cfa00000|
| 232|0x00000006cfa00000, 0x00000006cfb00000, 0x00000006cfb00000|100%| O|  |TS  0|AC  0|TAMS 0x00000006cfb00000, 0x00000006cfb00000|
| 233|0x00000006cfb00000, 0x00000006cfc00000, 0x00000006cfc00000|100%| O|  |TS  0|AC  0|TAMS 0x00000006cfc00000, 0x00000006cfc00000|
| 234|0x00000006cfc00000, 0x00000006cfd00000, 0x00000006cfd00000|100%| O|  |TS  0|AC  0|TAMS 0x00000006cfd00000, 0x00000006cfd00000|
| 235|0x00000006cfd00000, 0x00000006cfd00000, 0x00000006cfe00000|  0%| F|  |TS  0|AC  0|TAMS 0x00000006cfd00000, 0x00000006cfd00000|
| 236|0x00000006cfe00000, 0x00000006cfe00000, 0x00000006cff00000|  0%| F|  |TS  0|AC  0|TAMS 0x00000006cfe00000, 0x00000006cfe00000|
| 237|0x00000006cff00000, 0x00000006cff00000, 0x00000006d0000000|  0%| F|  |TS  0|AC  0|TAMS 0x00000006cff00000, 0x00000006cff00000|
| 238|0x00000006d0000000, 0x00000006d0000000, 0x00000006d0100000|  0%| F|  |TS  0|AC  0|TAMS 0x00000006d0000000, 0x00000006d0000000|
| 239|0x00000006d0100000, 0x00000006d0100000, 0x00000006d0200000|  0%| F|  |TS  0|AC  0|TAMS 0x00000006d0100000, 0x00000006d0100000|
| 240|0x00000006d0200000, 0x00000006d0200000, 0x00000006d0300000|  0%| F|  |TS  0|AC  0|TAMS 0x00000006d0200000, 0x00000006d0200000|
| 241|0x00000006d0300000, 0x00000006d0300000, 0x00000006d0400000|  0%| F|  |TS  0|AC  0|TAMS 0x00000006d0300000, 0x00000006d0300000|
| 242|0x00000006d0400000, 0x00000006d04c1b60, 0x00000006d0500000| 75%| S|CS|TS  2|AC  0|TAMS 0x00000006d0400000, 0x00000006d0400000|
| 243|0x00000006d0500000, 0x00000006d0500000, 0x00000006d0600000|  0%| F|  |TS  2|AC  0|TAMS 0x00000006d0500000, 0x00000006d0500000|
| 244|0x00000006d0600000, 0x00000006d0600000, 0x00000006d0700000|  0%| F|  |TS  2|AC  0|TAMS 0x00000006d0600000, 0x00000006d0600000|
| 245|0x00000006d0700000, 0x00000006d0700000, 0x00000006d0800000|  0%| F|  |TS  2|AC  0|TAMS 0x00000006d0700000, 0x00000006d0700000|
| 246|0x00000006d0800000, 0x00000006d0800000, 0x00000006d0900000|  0%| F|  |TS  2|AC  0|TAMS 0x00000006d0800000, 0x00000006d0800000|
| 247|0x00000006d0900000, 0x00000006d0900000, 0x00000006d0a00000|  0%| F|  |TS  2|AC  0|TAMS 0x00000006d0900000, 0x00000006d0900000|
| 248|0x00000006d0a00000, 0x00000006d0a00000, 0x00000006d0b00000|  0%| F|  |TS  2|AC  0|TAMS 0x00000006d0a00000, 0x00000006d0a00000|
| 249|0x00000006d0b00000, 0x00000006d0c00000, 0x00000006d0c00000|100%|HS|  |TS  0|AC  0|TAMS 0x00000006d0c00000, 0x00000006d0c00000|
| 250|0x00000006d0c00000, 0x00000006d0d00000, 0x00000006d0d00000|100%|HC|  |TS  0|AC  0|TAMS 0x00000006d0d00000, 0x00000006d0d00000|
| 251|0x00000006d0d00000, 0x00000006d0e00000, 0x00000006d0e00000|100%|HC|  |TS  0|AC  0|TAMS 0x00000006d0e00000, 0x00000006d0e00000|
| 252|0x00000006d0e00000, 0x00000006d0f00000, 0x00000006d0f00000|100%|HC|  |TS  0|AC  0|TAMS 0x00000006d0f00000, 0x00000006d0f00000|
| 253|0x00000006d0f00000, 0x00000006d1000000, 0x00000006d1000000|100%|HC|  |TS  0|AC  0|TAMS 0x00000006d1000000, 0x00000006d1000000|
| 254|0x00000006d1000000, 0x00000006d1100000, 0x00000006d1100000|100%|HC|  |TS  0|AC  0|TAMS 0x00000006d1100000, 0x00000006d1100000|
| 255|0x00000006d1100000, 0x00000006d1200000, 0x00000006d1200000|100%|HC|  |TS  0|AC  0|TAMS 0x00000006d1200000, 0x00000006d1200000|
| 256|0x00000006d1200000, 0x00000006d1300000, 0x00000006d1300000|100%|HC|  |TS  0|AC  0|TAMS 0x00000006d1300000, 0x00000006d1300000|
| 257|0x00000006d1300000, 0x00000006d1400000, 0x00000006d1400000|100%|HC|  |TS  0|AC  0|TAMS 0x00000006d1400000, 0x00000006d1400000|
| 258|0x00000006d1400000, 0x00000006d1500000, 0x00000006d1500000|100%|HC|  |TS  0|AC  0|TAMS 0x00000006d1500000, 0x00000006d1500000|
| 259|0x00000006d1500000, 0x00000006d1600000, 0x00000006d1600000|100%|HC|  |TS  0|AC  0|TAMS 0x00000006d1600000, 0x00000006d1600000|
| 260|0x00000006d1600000, 0x00000006d1700000, 0x00000006d1700000|100%|HC|  |TS  0|AC  0|TAMS 0x00000006d1700000, 0x00000006d1700000|
| 261|0x00000006d1700000, 0x00000006d1800000, 0x00000006d1800000|100%|HC|  |TS  0|AC  0|TAMS 0x00000006d1800000, 0x00000006d1800000|
| 262|0x00000006d1800000, 0x00000006d1900000, 0x00000006d1900000|100%|HC|  |TS  0|AC  0|TAMS 0x00000006d1900000, 0x00000006d1900000|
| 263|0x00000006d1900000, 0x00000006d1a00000, 0x00000006d1a00000|100%|HC|  |TS  0|AC  0|TAMS 0x00000006d1a00000, 0x00000006d1a00000|
| 264|0x00000006d1a00000, 0x00000006d1b00000, 0x00000006d1b00000|100%|HC|  |TS  0|AC  0|TAMS 0x00000006d1b00000, 0x00000006d1b00000|
| 265|0x00000006d1b00000, 0x00000006d1c00000, 0x00000006d1c00000|100%|HC|  |TS  0|AC  0|TAMS 0x00000006d1c00000, 0x00000006d1c00000|
| 266|0x00000006d1c00000, 0x00000006d1d00000, 0x00000006d1d00000|100%|HC|  |TS  0|AC  0|TAMS 0x00000006d1d00000, 0x00000006d1d00000|
| 267|0x00000006d1d00000, 0x00000006d1e00000, 0x00000006d1e00000|100%|HC|  |TS  0|AC  0|TAMS 0x00000006d1e00000, 0x00000006d1e00000|
| 268|0x00000006d1e00000, 0x00000006d1f00000, 0x00000006d1f00000|100%|HC|  |TS  0|AC  0|TAMS 0x00000006d1f00000, 0x00000006d1f00000|
| 269|0x00000006d1f00000, 0x00000006d2000000, 0x00000006d2000000|100%|HC|  |TS  0|AC  0|TAMS 0x00000006d2000000, 0x00000006d2000000|
| 270|0x00000006d2000000, 0x00000006d2000000, 0x00000006d2100000|  0%| F|  |TS  2|AC  0|TAMS 0x00000006d2000000, 0x00000006d2000000|
| 271|0x00000006d2100000, 0x00000006d2100000, 0x00000006d2200000|  0%| F|  |TS  2|AC  0|TAMS 0x00000006d2100000, 0x00000006d2100000|
| 272|0x00000006d2200000, 0x00000006d2200000, 0x00000006d2300000|  0%| F|  |TS  2|AC  0|TAMS 0x00000006d2200000, 0x00000006d2200000|
| 273|0x00000006d2300000, 0x00000006d2300000, 0x00000006d2400000|  0%| F|  |TS  2|AC  0|TAMS 0x00000006d2300000, 0x00000006d2300000|
| 274|0x00000006d2400000, 0x00000006d2400000, 0x00000006d2500000|  0%| F|  |TS  2|AC  0|TAMS 0x00000006d2400000, 0x00000006d2400000|
| 275|0x00000006d2500000, 0x00000006d257cca0, 0x00000006d2600000| 48%| E|  |TS  2|AC  0|TAMS 0x00000006d2500000, 0x00000006d2500000|
| 276|0x00000006d2600000, 0x00000006d2700000, 0x00000006d2700000|100%| E|CS|TS  2|AC  0|TAMS 0x00000006d2600000, 0x00000006d2600000|

Card table byte_map: [0x000002336bf40000,0x000002336c740000] byte_map_base: 0x0000023368937000

Marking Bits (Prev, Next): (CMBitMap*) 0x0000023374f48828, (CMBitMap*) 0x0000023374f487f0
 Prev Bits: [0x0000023370f00000, 0x0000023374eb8000)
 Next Bits: [0x000002336cf40000, 0x0000023370ef8000)

Polling page: 0x000002334eca0000

CodeHeap 'non-profiled nmethods': size=120000Kb used=5856Kb max_used=5856Kb free=114143Kb
 bounds [0x0000023363cc0000, 0x0000023364280000, 0x000002336b1f0000]
CodeHeap 'profiled nmethods': size=120000Kb used=10223Kb max_used=12983Kb free=109776Kb
 bounds [0x000002335c790000, 0x000002335d450000, 0x0000023363cc0000]
CodeHeap 'non-nmethods': size=5760Kb used=1728Kb max_used=1802Kb free=4031Kb
 bounds [0x000002335c1f0000, 0x000002335c460000, 0x000002335c790000]
 total_blobs=11408 nmethods=5734 adapters=1294
 compilation: enabled

Compilation events (10 events):
Event: 4384.609 Thread 0x00000233785e1000 nmethod 7274 0x000002335d00e110 code [0x000002335d00e380, 0x000002335d00ef60]
Event: 4416.112 Thread 0x00000233785e1000 7275       3       javax.crypto.Cipher::implInit (144 bytes)
Event: 4416.117 Thread 0x00000233785e1000 nmethod 7275 0x000002335d18c510 code [0x000002335d18c800, 0x000002335d18d600]
Event: 4425.761 Thread 0x00000233785e1000 7276       1       rx.internal.util.unsafe.MpmcArrayQueueProducerField::lvProducerIndex (5 bytes)
Event: 4425.761 Thread 0x00000233785e1000 nmethod 7276 0x0000023364278210 code [0x00000233642783c0, 0x00000233642784d8]
Event: 4468.342 Thread 0x00000233785e0800 7277       4       jdk.internal.reflect.UnsafeObjectFieldAccessorImpl::get (17 bytes)
Event: 4468.347 Thread 0x00000233785e0800 nmethod 7277 0x0000023364278590 code [0x0000023364278740, 0x0000023364278898]
Event: 4510.321 Thread 0x00000233785dd800 7278       4       java.util.Formatter::checkText (58 bytes)
Event: 4510.335 Thread 0x00000233785dd800 nmethod 7278 0x0000023364278a10 code [0x0000023364278ba0, 0x0000023364278df8]
Event: 4541.199 Thread 0x00000233785dc000 7279       4       java.net.URI$Parser::checkChars (44 bytes)

GC Heap History (10 events):
Event: 4539.977 GC heap before
{Heap before GC invocations=5427 (full 0):
 garbage-first heap   total 283648K, used 269444K [0x00000006c1200000, 0x00000007c0000000)
  region size 1024K, 13 young (13312K), 1 survivors (1024K)
 Metaspace       used 43008K, capacity 43457K, committed 44160K, reserved 1089536K
  class space    used 3615K, capacity 3855K, committed 3968K, reserved 1048576K
}
Event: 4539.978 GC heap after
{Heap after GC invocations=5428 (full 0):
 garbage-first heap   total 283648K, used 257203K [0x00000006c1200000, 0x00000007c0000000)
  region size 1024K, 1 young (1024K), 1 survivors (1024K)
 Metaspace       used 43008K, capacity 43457K, committed 44160K, reserved 1089536K
  class space    used 3615K, capacity 3855K, committed 3968K, reserved 1048576K
}
Event: 4540.330 GC heap before
{Heap before GC invocations=5429 (full 0):
 garbage-first heap   total 283648K, used 269491K [0x00000006c1200000, 0x00000007c0000000)
  region size 1024K, 13 young (13312K), 1 survivors (1024K)
 Metaspace       used 43008K, capacity 43457K, committed 44160K, reserved 1089536K
  class space    used 3615K, capacity 3855K, committed 3968K, reserved 1048576K
}
Event: 4540.331 GC heap after
{Heap after GC invocations=5430 (full 0):
 garbage-first heap   total 283648K, used 257288K [0x00000006c1200000, 0x00000007c0000000)
  region size 1024K, 1 young (1024K), 1 survivors (1024K)
 Metaspace       used 43008K, capacity 43457K, committed 44160K, reserved 1089536K
  class space    used 3615K, capacity 3855K, committed 3968K, reserved 1048576K
}
Event: 4540.646 GC heap before
{Heap before GC invocations=5430 (full 0):
 garbage-first heap   total 283648K, used 269576K [0x00000006c1200000, 0x00000007c0000000)
  region size 1024K, 13 young (13312K), 1 survivors (1024K)
 Metaspace       used 43008K, capacity 43457K, committed 44160K, reserved 1089536K
  class space    used 3615K, capacity 3855K, committed 3968K, reserved 1048576K
}
Event: 4540.648 GC heap after
{Heap after GC invocations=5431 (full 0):
 garbage-first heap   total 283648K, used 257273K [0x00000006c1200000, 0x00000007c0000000)
  region size 1024K, 1 young (1024K), 1 survivors (1024K)
 Metaspace       used 43008K, capacity 43457K, committed 44160K, reserved 1089536K
  class space    used 3615K, capacity 3855K, committed 3968K, reserved 1048576K
}
Event: 4540.913 GC heap before
{Heap before GC invocations=5432 (full 0):
 garbage-first heap   total 283648K, used 269561K [0x00000006c1200000, 0x00000007c0000000)
  region size 1024K, 13 young (13312K), 1 survivors (1024K)
 Metaspace       used 43008K, capacity 43457K, committed 44160K, reserved 1089536K
  class space    used 3615K, capacity 3855K, committed 3968K, reserved 1048576K
}
Event: 4540.913 GC heap after
{Heap after GC invocations=5433 (full 0):
 garbage-first heap   total 283648K, used 257254K [0x00000006c1200000, 0x00000007c0000000)
  region size 1024K, 1 young (1024K), 1 survivors (1024K)
 Metaspace       used 43008K, capacity 43457K, committed 44160K, reserved 1089536K
  class space    used 3615K, capacity 3855K, committed 3968K, reserved 1048576K
}
Event: 4541.209 GC heap before
{Heap before GC invocations=5433 (full 0):
 garbage-first heap   total 283648K, used 269542K [0x00000006c1200000, 0x00000007c0000000)
  region size 1024K, 13 young (13312K), 1 survivors (1024K)
 Metaspace       used 43008K, capacity 43457K, committed 44160K, reserved 1089536K
  class space    used 3615K, capacity 3855K, committed 3968K, reserved 1048576K
}
Event: 4541.211 GC heap after
{Heap after GC invocations=5434 (full 0):
 garbage-first heap   total 283648K, used 257311K [0x00000006c1200000, 0x00000007c0000000)
  region size 1024K, 1 young (1024K), 1 survivors (1024K)
 Metaspace       used 43008K, capacity 43457K, committed 44160K, reserved 1089536K
  class space    used 3615K, capacity 3855K, committed 3968K, reserved 1048576K
}

Deoptimization events (10 events):
Event: 2420.021 Thread 0x0000023350e9c800 Uncommon trap: reason=unstable_if action=reinterpret pc=0x000002336420857c method=jdk.internal.math.FloatingDecimal$BinaryToASCIIBuffer.developLongDigits(IJI)V @ 129 c2
Event: 2479.021 Thread 0x0000023350e9c800 Uncommon trap: reason=unstable_if action=reinterpret pc=0x0000023364209604 method=java.util.TimSort.countRunAndMakeAscending([Ljava/lang/Object;IILjava/util/Comparator;)I @ 73 c2
Event: 2941.368 Thread 0x0000023350e9c800 Uncommon trap: reason=unstable_if action=reinterpret pc=0x000002336422115c method=session.Player.getRatingColor()Lglm_/vec4/Vec4; @ 531 c2
Event: 2941.368 Thread 0x0000023350e9c800 Uncommon trap: reason=unstable_if action=reinterpret pc=0x000002336421f140 method=session.Player.getRatingLetter()Ljava/lang/String; @ 200 c2
Event: 3351.990 Thread 0x00000233071b1000 Uncommon trap: reason=unstable_if action=reinterpret pc=0x0000023363edaa98 method=kotlinx.coroutines.scheduling.CoroutineScheduler$Worker.trySteal()Lkotlinx/coroutines/scheduling/Task; @ 85 c2
Event: 3351.990 Thread 0x000002330709c000 Uncommon trap: reason=unstable_if action=reinterpret pc=0x0000023363edaa98 method=kotlinx.coroutines.scheduling.CoroutineScheduler$Worker.trySteal()Lkotlinx/coroutines/scheduling/Task; @ 85 c2
Event: 4478.805 Thread 0x00000233072cb800 Uncommon trap: reason=speculate_class_check action=maybe_recompile pc=0x0000023364278820 method=jdk.internal.reflect.UnsafeObjectFieldAccessorImpl.get(Ljava/lang/Object;)Ljava/lang/Object; @ 13 c2
Event: 4478.805 Thread 0x00000233072cb800 Uncommon trap: reason=speculate_class_check action=maybe_recompile pc=0x0000023364278820 method=jdk.internal.reflect.UnsafeObjectFieldAccessorImpl.get(Ljava/lang/Object;)Ljava/lang/Object; @ 13 c2
Event: 4478.805 Thread 0x00000233072cb800 Uncommon trap: reason=speculate_class_check action=maybe_recompile pc=0x0000023364278820 method=jdk.internal.reflect.UnsafeObjectFieldAccessorImpl.get(Ljava/lang/Object;)Ljava/lang/Object; @ 13 c2
Event: 4489.203 Thread 0x00000233072cd000 Uncommon trap: reason=speculate_class_check action=maybe_recompile pc=0x0000023364278820 method=jdk.internal.reflect.UnsafeObjectFieldAccessorImpl.get(Ljava/lang/Object;)Ljava/lang/Object; @ 13 c2

Classes redefined (0 events):
No events

Internal exceptions (10 events):
Event: 3.483 Thread 0x00000233071af800 Implicit null exception at 0x0000023363d42d8d to 0x0000023363d42e9a
Event: 3.557 Thread 0x0000023350e9c800 Exception <a 'java/lang/UnsatisfiedLinkError'{0x00000006cf4f7d60}: The specified procedure could not be found.
> (0x00000006cf4f7d60) thrown at [t:/workspace/open/src/hotspot/share/prims/jni.cpp, line 632]
Event: 3.557 Thread 0x0000023350e9c800 Exception <a 'java/lang/UnsatisfiedLinkError'{0x00000006cf4f9f90}: The specified procedure could not be found.
> (0x00000006cf4f9f90) thrown at [t:/workspace/open/src/hotspot/share/prims/jni.cpp, line 632]
Event: 3.572 Thread 0x0000023350e9c800 Exception <a 'java/lang/UnsatisfiedLinkError'{0x00000006cef40dc0}: The specified procedure could not be found.
> (0x00000006cef40dc0) thrown at [t:/workspace/open/src/hotspot/share/prims/jni.cpp, line 632]
Event: 3.572 Thread 0x0000023350e9c800 Exception <a 'java/lang/UnsatisfiedLinkError'{0x00000006cef42c68}: The specified procedure could not be found.
> (0x00000006cef42c68) thrown at [t:/workspace/open/src/hotspot/share/prims/jni.cpp, line 632]
Event: 3.572 Thread 0x0000023350e9c800 Exception <a 'java/lang/UnsatisfiedLinkError'{0x00000006cef44268}: The specified procedure could not be found.
> (0x00000006cef44268) thrown at [t:/workspace/open/src/hotspot/share/prims/jni.cpp, line 632]
Event: 3.686 Thread 0x0000023350e9c800 Exception <a 'java/lang/reflect/InvocationTargetException'{0x00000006ce753310}> (0x00000006ce753310) thrown at [t:/workspace/open/src/hotspot/share/runtime/reflection.cpp, line 1222]
Event: 3.764 Thread 0x00000233071b1000 Implicit null exception at 0x0000023363e1cc15 to 0x0000023363e1cf1e
Event: 3.840 Thread 0x0000023350e9c800 Exception <a 'sun/nio/fs/WindowsException'{0x00000006cb5203d0}> (0x00000006cb5203d0) thrown at [t:/workspace/open/src/hotspot/share/prims/jni.cpp, line 611]
Event: 3.840 Thread 0x0000023350e9c800 Exception <a 'sun/nio/fs/WindowsException'{0x00000006cb5206a0}> (0x00000006cb5206a0) thrown at [t:/workspace/open/src/hotspot/share/prims/jni.cpp, line 611]

Events (10 events):
Event: 4540.735 Executing VM operation: CGC_Operation done
Event: 4540.762 Executing VM operation: CGC_Operation
Event: 4540.763 Executing VM operation: CGC_Operation done
Event: 4540.912 Executing VM operation: G1IncCollectionPause
Event: 4540.913 Executing VM operation: G1IncCollectionPause done
Event: 4541.198 Thread 0x00000233072cd000 Thread exited: 0x00000233072cd000
Event: 4541.199 Executing VM operation: RevokeBias
Event: 4541.199 Executing VM operation: RevokeBias done
Event: 4541.209 Executing VM operation: G1IncCollectionPause
Event: 4541.211 Executing VM operation: G1IncCollectionPause done


Dynamic libraries:
0x00007ff7daff0000 - 0x00007ff7db02e000 	C:\Program Files\Java\jdk-10.0.2\bin\java.exe
0x00007ff9e7e30000 - 0x00007ff9e8011000 	C:\Windows\SYSTEM32\ntdll.dll
0x00007ff9e7750000 - 0x00007ff9e7801000 	C:\Windows\System32\KERNEL32.DLL
0x00007ff9e4e30000 - 0x00007ff9e50a3000 	C:\Windows\System32\KERNELBASE.dll
0x00007ff9e76a0000 - 0x00007ff9e7741000 	C:\Windows\System32\ADVAPI32.dll
0x00007ff9e74a0000 - 0x00007ff9e753e000 	C:\Windows\System32\msvcrt.dll
0x00007ff9e7810000 - 0x00007ff9e786b000 	C:\Windows\System32\sechost.dll
0x00007ff9e6cd0000 - 0x00007ff9e6df4000 	C:\Windows\System32\RPCRT4.dll
0x00007ff9e5350000 - 0x00007ff9e54e0000 	C:\Windows\System32\USER32.dll
0x00007ff9e43a0000 - 0x00007ff9e43c0000 	C:\Windows\System32\win32u.dll
0x00007ff9e7930000 - 0x00007ff9e7958000 	C:\Windows\System32\GDI32.dll
0x00007ff9e4200000 - 0x00007ff9e4392000 	C:\Windows\System32\gdi32full.dll
0x00007ff9e4b20000 - 0x00007ff9e4bbf000 	C:\Windows\System32\msvcp_win.dll
0x00007ff9e50b0000 - 0x00007ff9e51a8000 	C:\Windows\System32\ucrtbase.dll
0x00007ff9cb920000 - 0x00007ff9cbb89000 	C:\Windows\WinSxS\amd64_microsoft.windows.common-controls_6595b64144ccf1df_6.0.17134.706_none_fb43a2cb30647007\COMCTL32.dll
0x00007ff9de800000 - 0x00007ff9de80a000 	C:\Windows\SYSTEM32\VERSION.dll
0x00007ff9e79b0000 - 0x00007ff9e7cd2000 	C:\Windows\System32\combase.dll
0x00007ff9e4bc0000 - 0x00007ff9e4c3a000 	C:\Windows\System32\bcryptPrimitives.dll
0x00007ff9e7980000 - 0x00007ff9e79ad000 	C:\Windows\System32\IMM32.DLL
0x00007ff9d7f60000 - 0x00007ff9d804f000 	C:\Program Files\Java\jdk-10.0.2\bin\msvcr120.dll
0x00007ff9d76f0000 - 0x00007ff9d7796000 	C:\Program Files\Java\jdk-10.0.2\bin\msvcp120.dll
0x000000005f090000 - 0x000000005fb00000 	C:\Program Files\Java\jdk-10.0.2\bin\server\jvm.dll
0x00007ff9e54f0000 - 0x00007ff9e54f8000 	C:\Windows\System32\PSAPI.DLL
0x00007ff9e0000000 - 0x00007ff9e0009000 	C:\Windows\SYSTEM32\WSOCK32.dll
0x00007ff9e7ce0000 - 0x00007ff9e7d4c000 	C:\Windows\System32\WS2_32.dll
0x00007ff9e1720000 - 0x00007ff9e1743000 	C:\Windows\SYSTEM32\WINMM.dll
0x00007ff9e16f0000 - 0x00007ff9e171a000 	C:\Windows\SYSTEM32\WINMMBASE.dll
0x00007ff9e43c0000 - 0x00007ff9e4409000 	C:\Windows\System32\cfgmgr32.dll
0x00007ff9dff90000 - 0x00007ff9dff9f000 	C:\Program Files\Java\jdk-10.0.2\bin\verify.dll
0x00007ff9d35a0000 - 0x00007ff9d3769000 	C:\Windows\SYSTEM32\DBGHELP.DLL
0x00007ff9d3570000 - 0x00007ff9d3599000 	C:\Windows\SYSTEM32\dbgcore.DLL
0x00007ff9df3b0000 - 0x00007ff9df3d7000 	C:\Program Files\Java\jdk-10.0.2\bin\java.dll
0x00007ff9d7dc0000 - 0x00007ff9d7dea000 	C:\Program Files\Java\jdk-10.0.2\bin\instrument.dll
0x00007ff9df390000 - 0x00007ff9df3a6000 	C:\Program Files\Java\jdk-10.0.2\bin\zip.dll
0x00007ff9df380000 - 0x00007ff9df38a000 	C:\Program Files\Java\jdk-10.0.2\bin\jimage.dll
0x00007ff9e5700000 - 0x00007ff9e6b40000 	C:\Windows\System32\SHELL32.dll
0x00007ff9e7d50000 - 0x00007ff9e7df9000 	C:\Windows\System32\shcore.dll
0x00007ff9e4410000 - 0x00007ff9e4b1d000 	C:\Windows\System32\windows.storage.dll
0x00007ff9e78d0000 - 0x00007ff9e7921000 	C:\Windows\System32\shlwapi.dll
0x00007ff9e41e0000 - 0x00007ff9e41f1000 	C:\Windows\System32\kernel.appcore.dll
0x00007ff9e41a0000 - 0x00007ff9e41bf000 	C:\Windows\System32\profapi.dll
0x00007ff9e4140000 - 0x00007ff9e418c000 	C:\Windows\System32\powrprof.dll
0x00007ff9e4190000 - 0x00007ff9e419a000 	C:\Windows\System32\FLTLIB.DLL
0x00007ff9de480000 - 0x00007ff9de49a000 	C:\Program Files\Java\jdk-10.0.2\bin\net.dll
0x00007ff9d9bc0000 - 0x00007ff9d9c9d000 	C:\Windows\SYSTEM32\WINHTTP.dll
0x00007ff9e39c0000 - 0x00007ff9e3a26000 	C:\Windows\system32\mswsock.dll
0x00007ff9de460000 - 0x00007ff9de471000 	C:\Program Files\Java\jdk-10.0.2\bin\nio.dll
0x00007ff9d9a70000 - 0x00007ff9d9a8a000 	C:\Program Files\JetBrains\IntelliJ IDEA Community Edition 2018.2.4\bin\breakgen64.dll
0x00007ff9d77c0000 - 0x00007ff9d7832000 	C:\Users\Andrew\AppData\Local\Temp\lwjglAndrew\3.2.2-build-8\lwjgl.dll
0x00007ff9d75a0000 - 0x00007ff9d75fe000 	C:\Users\Andrew\AppData\Local\Temp\lwjglAndrew\3.2.2-build-8\glfw.dll
0x00007ff9d3f10000 - 0x00007ff9d4161000 	C:\Users\Andrew\AppData\Local\Temp\lwjglAndrew\3.2.2-build-8\jemalloc.dll
0x00007ff9e25f0000 - 0x00007ff9e2688000 	C:\Windows\system32\uxtheme.dll
0x00007ff9d7420000 - 0x00007ff9d7463000 	C:\Windows\SYSTEM32\dinput8.dll
0x00007ff9e0010000 - 0x00007ff9e0020000 	C:\Windows\SYSTEM32\xinput1_4.dll
0x00007ff9e3f50000 - 0x00007ff9e3f77000 	C:\Windows\SYSTEM32\DEVOBJ.dll
0x00007ff9e28d0000 - 0x00007ff9e28f9000 	C:\Windows\SYSTEM32\dwmapi.dll
0x00007ff9d5ea0000 - 0x00007ff9d5f19000 	C:\Windows\SYSTEM32\inputhost.dll
0x00007ff9e0100000 - 0x00007ff9e024d000 	C:\Windows\SYSTEM32\wintypes.dll
0x00007ff9e22c0000 - 0x00007ff9e239a000 	C:\Windows\SYSTEM32\CoreMessaging.dll
0x00007ff9decf0000 - 0x00007ff9df00e000 	C:\Windows\SYSTEM32\CoreUIComponents.dll
0x00007ff9e3230000 - 0x00007ff9e3261000 	C:\Windows\SYSTEM32\ntmarta.dll
0x00007ff9e7320000 - 0x00007ff9e7493000 	C:\Windows\System32\MSCTF.dll
0x00007ff9e6e00000 - 0x00007ff9e6ec2000 	C:\Windows\System32\OLEAUT32.dll
0x00007ff9e2e70000 - 0x00007ff9e2e7c000 	C:\Windows\SYSTEM32\HID.DLL
0x00007ff9e6ed0000 - 0x00007ff9e731b000 	C:\Windows\System32\SETUPAPI.DLL
0x00007ff9e5260000 - 0x00007ff9e52b7000 	C:\Windows\System32\WINTRUST.dll
0x00007ff9e41c0000 - 0x00007ff9e41d2000 	C:\Windows\System32\MSASN1.dll
0x00007ff9e4c40000 - 0x00007ff9e4e22000 	C:\Windows\System32\CRYPT32.dll
0x00007ff9d6f80000 - 0x00007ff9d70a0000 	C:\Windows\SYSTEM32\opengl32.dll
0x00007ff9d7bc0000 - 0x00007ff9d7bec000 	C:\Windows\SYSTEM32\GLU32.dll
0x000000005c9d0000 - 0x000000005f08d000 	C:\Windows\System32\DriverStore\FileRepository\nv_dispui.inf_amd64_61dc4507bfd55d28\nvoglv64.dll
0x00007ff9e7540000 - 0x00007ff9e7691000 	C:\Windows\System32\ole32.dll
0x00007ff9e09a0000 - 0x00007ff9e09b3000 	C:\Windows\SYSTEM32\WTSAPI32.dll
0x00007ff99ca60000 - 0x00007ff99cd07000 	C:\Windows\system32\nvspcap64.dll
0x00007ff9e32d0000 - 0x00007ff9e3326000 	C:\Windows\SYSTEM32\WINSTA.dll
0x00007ff9d70c0000 - 0x00007ff9d7118000 	C:\Users\Andrew\AppData\Local\Temp\lwjglAndrew\3.2.2-build-8\lwjgl_opengl.dll
0x00007ff9d3e90000 - 0x00007ff9d3f0f000 	C:\Users\Andrew\AppData\Local\Temp\lwjglAndrew\3.2.2-build-8\lwjgl_stb.dll
0x00007ff9d73f0000 - 0x00007ff9d7413000 	C:\Program Files\Java\jdk-10.0.2\bin\sunec.dll
0x00007ff9dffa0000 - 0x00007ff9dffab000 	C:\Program Files\Java\jdk-10.0.2\bin\sunmscapi.dll
0x00007ff9e3b70000 - 0x00007ff9e3b87000 	C:\Windows\SYSTEM32\CRYPTSP.dll
0x00007ff9e35a0000 - 0x00007ff9e35d3000 	C:\Windows\system32\rsaenh.dll
0x00007ff9e3ca0000 - 0x00007ff9e3cc5000 	C:\Windows\SYSTEM32\bcrypt.dll
0x00007ff9e4040000 - 0x00007ff9e4068000 	C:\Windows\SYSTEM32\USERENV.dll
0x00007ff9e3b90000 - 0x00007ff9e3b9b000 	C:\Windows\SYSTEM32\CRYPTBASE.dll
0x00007ff9e3740000 - 0x00007ff9e3778000 	C:\Windows\SYSTEM32\IPHLPAPI.DLL
0x00007ff9e52c0000 - 0x00007ff9e52c8000 	C:\Windows\System32\NSI.dll
0x00007ff9ddee0000 - 0x00007ff9ddef6000 	C:\Windows\SYSTEM32\dhcpcsvc6.DLL
0x00007ff9dddf0000 - 0x00007ff9dde0a000 	C:\Windows\SYSTEM32\dhcpcsvc.DLL
0x00007ff9e3780000 - 0x00007ff9e383e000 	C:\Windows\SYSTEM32\DNSAPI.dll
0x00007ff9d9b10000 - 0x00007ff9d9b1a000 	C:\Windows\System32\rasadhlp.dll
0x00007ff9dd800000 - 0x00007ff9dd872000 	C:\Windows\System32\fwpuclnt.dll
0x00007ff9d6f50000 - 0x00007ff9d6f75000 	C:\Users\Andrew\AppData\Local\Temp\jna-1965574029\jna7525180133788658966.dll
0x000000005fb00000 - 0x000000005fbd2000 	C:\Windows\SYSTEM32\MSVCR100.dll
0x00007ff9d5e00000 - 0x00007ff9d5e96000 	C:\Windows\System32\TextInputFramework.dll

dbghelp: loaded successfully - version: 4.0.5 - missing functions: none
symbol engine: initialized successfully - sym options: 0x614 - pdb path: .;C:\Program Files\Java\jdk-10.0.2\bin;C:\Windows\SYSTEM32;C:\Windows\WinSxS\amd64_microsoft.windows.common-controls_6595b64144ccf1df_6.0.17134.706_none_fb43a2cb30647007;C:\Program Files\Java\jdk-10.0.2\bin\server;C:\Program Files\JetBrains\IntelliJ IDEA Community Edition 2018.2.4\bin;C:\Users\Andrew\AppData\Local\Temp\lwjglAndrew\3.2.2-build-8;C:\Windows\System32\DriverStore\FileRepository\nv_dispui.inf_amd64_61dc4507bfd55d28;C:\Users\Andrew\AppData\Local\Temp\jna-1965574029

VM Arguments:
jvm_args: -javaagent:C:\Program Files\JetBrains\IntelliJ IDEA Community Edition 2018.2.4\lib\idea_rt.jar=50313:C:\Program Files\JetBrains\IntelliJ IDEA Community Edition 2018.2.4\bin -Dfile.encoding=UTF-8 
java_command: MainKt
java_class_path (initial): C:\Users\Andrew\IdeaProjects\gearNet\out\production\classes;C:\Users\Andrew\IdeaProjects\gearNet\out\production\resources;C:\Users\Andrew\.gradle\caches\modules-2\files-2.1\org.jetbrains.kotlin\kotlin-stdlib-jdk8\1.3.30\459999be0d6ac844dd3d2ca85c2daf14deb5f7f0\kotlin-stdlib-jdk8-1.3.30.jar;C:\Users\Andrew\.gradle\caches\modules-2\files-2.1\org.jetbrains.kotlinx\kotlinx-coroutines-core\1.2.1\3839faf625f4197acaeceeb6da000f011a2acb49\kotlinx-coroutines-core-1.2.1.jar;C:\Users\Andrew\.gradle\caches\modules-2\files-2.1\org.jire.kotmem\Kotmem\0.86\8ca97a701a2f431d412eb84eb5801b9285637eba\Kotmem-0.86.jar;C:\Users\Andrew\.gradle\caches\modules-2\files-2.1\edu.sc.seis.gradle\launch4j\2.4.6\874ceddd0636b682d07f00b9baf64b70451c4c9e\launch4j-2.4.6.jar;C:\Users\Andrew\.gradle\caches\modules-2\files-2.1\org.jdbi\jdbi3-kotlin-sqlobject\3.8.0\c0ab243b1d0c133115ca499d1e13b0fcaad61c07\jdbi3-kotlin-sqlobject-3.8.0.jar;C:\Users\Andrew\.gradle\caches\modules-2\files-2.1\org.jdbi\jdbi3-sqlobject\3.8.0\47ccaa064f13ccb8009779135ea4f335a9aef07c\jdbi3-sqlobject-3.8.0.jar;C:\Users\Andrew\.gradle\caches\modules-2\files-2.1\org.jdbi\jdbi3-postgres\3.8.0\1a3c87f692ca0b11872adce1e1facaf37d52e389\jdbi3-postgres-3.8.0.jar;C:\Users\Andrew\.gradle\caches\modules-2\files-2.1\org.postgresql\postgresql\42.2.5\951b7eda125f3137538a94e2cbdcf744088ad4c2\postgresql-42.2.5.jar;C:\Users\Andrew\.gradle\caches\modules-2\files-2.1\org.jdbi\jdbi3-kotlin\3.8.0\3d03effb2205312a294c49cc1ea31ede4a124f53\jdbi3-kotlin-3.8.0.jar;C:\Users\Andrew\.gradle\caches\modules-2\files-2.1\org.jdbi\jdbi3-core\3.8.0\e5fcb1702c55f5b4c65fd86f5f13c9a546291b8a\jdbi3-core-3.8.0.jar;C:\Users\Andrew\.gradle\caches\modules-2\files-2.1\org.slf4j\slf4j-nop\1.8.0-beta4\213427bb26635a736e2586d975a4d811e7c0a5cd\slf4j-nop-1.8.0-beta4.jar;C:\Users\Andrew\.gradle\caches\modules-2\files-2.1\com.github.twitch4j\twitch4j\1.0.0-alpha.13\cb5f79393d24c5e030ba6781d322bc724aca38ff\twitch4j-1.0.0-alpha.13.jar;C:\Users\Andrew\.gr
Launcher Type: SUN_STANDARD

Logging:
Log output configuration:
#0: stdout all=warning uptime,level,tags
#1: stderr all=off uptime,level,tags

Environment Variables:
JAVA_HOME=C:\Program Files\Java\jdk-10.0.2
PATH=C:\Program Files\NVIDIA GPU Computing Toolkit\CUDA\v10.1\bin;C:\Program Files\NVIDIA GPU Computing Toolkit\CUDA\v10.1\libnvvp;C:\Python27\;C:\Python27\Scripts;C:\Program Files (x86)\Common Files\Oracle\Java\javapath;C:\Windows\system32;C:\Windows;C:\Windows\System32\Wbem;C:\Windows\System32\WindowsPowerShell\v1.0\;C:\Windows\System32\OpenSSH\;C:\Program Files\Git\cmd;C:\Program Files\Git\mingw64\bin;C:\Program Files\Git\usr\bin;C:\Program Files\NVIDIA Corporation\Nsight Compute 2019.1\;C:\Program Files (x86)\NVIDIA Corporation\PhysX\Common;C:\Program Files\NVIDIA Corporation\NVIDIA NvDLISR;C:\Users\Andrew\AppData\Local\Microsoft\WindowsApps;
USERNAME=Andrew
OS=Windows_NT
PROCESSOR_IDENTIFIER=Intel64 Family 6 Model 158 Stepping 10, GenuineIntel



---------------  S Y S T E M  ---------------

OS: Windows 10 , 64 bit Build 17134 (10.0.17134.706)

CPU:total 12 (initial active 12) (6 cores per cpu, 2 threads per core) family 6 model 158 stepping 10, cmov, cx8, fxsr, mmx, sse, sse2, sse3, ssse3, sse4.1, sse4.2, popcnt, avx, avx2, aes, clmul, erms, rtm, 3dnowpref, lzcnt, ht, tsc, tscinvbit, bmi1, bmi2, adx, fma

Memory: 4k page, physical 16699808k(7581876k free), swap 67031456k(164k free)

vm_info: Java HotSpot(TM) 64-Bit Server VM (10.0.2+13) for windows-amd64 JRE (10.0.2+13), built on Jun 28 2018 01:57:56 by "mach5one" with MS VC++ 12.0 (VS2013)

END.
